2.32488
-1.46871
3.21824
-1.03701
2.78547
3.92132
-2.50102
5.92585
-2.40549
2.95204
-0.841929
3.94515
3.91884
0.266508
7.17329
3.34492
3.68019
5.21761
5.53549
-0.769324
-0.574132
0.764118
0.548105
0.991773
-1.48949
1.26692
1.01785
3.67801
-1.8162
3.93852
3.74994
0.382227
1.28655
2.74582
4.62859
6.01465
1.64112
0.511417
-5.03764
1.25807
2.00957
4.92783
-1.03725
3.83054
0.567756
-3.68608
0.494155
6.46415
-4.05274
1.89055
3.44248
7.90892
-0.153298
-2.5038
5.88027
-1.88577
4.10209
-0.0115793
1.40654
-2.15683
-2.70149
-2.10148
5.28114
4.09407
1.2126
0.831488
-5.02192
1.1266
0.730178
-1.97866
2.16283
-1.91053
1.18769
-0.0245108
1.21254
4.62713
-3.05972
-4.38197
3.20257
1.3574
-3.28473
-4.1755
3.56374
2.31582
-2.61042
2.39791
3.98202
-2.08416
4.07244
-2.65053
-0.98136
-2.37118
-2.69885
2.95585
0.714621
-1.31459
2.14689
4.83356
4.5222
0.566334
0.474171
7.80823
0.700927
2.26103
-3.04999
1.97293
2.35927
1.81865
-3.50728
1.95674
-3.53612
3.77591
2.26632
1.4395
1.36552
-3.06313
-3.01227
1.30505
1.41368
-1.95579
-2.03626
0.397563
-2.23869
-3.20364
2.15112
3.2499
3.8951
11.0355
2.47364
0.888139
3.53119
1.34891
0.292491
2.62363
3.19261
2.94934
-0.438409
1.09328
1.34013
5.93941
0.334044
-3.14796
2.49006
2.07472
-3.9789
2.19438
1.45227
1.62452
0.63502
8.4907
3.08724
-2.92895
-2.37839
0.526593
-2.25736
-1.00833
0.172198
-2.44913
2.1265
-3.63889
1.11275
1.0644
0.357236
1.68358
0.566855
-2.66183
-1.7964
1.22935
-2.99874
-1.45844
-0.351199
1.12933
-1.25754
-0.652232
0.639826
0.16822
4.09769
1.36915
-0.757998
0.803594
8.13803
6.6981
2.78076
-0.158692
-1.42427
-2.39832
5.07356
-2.6825
-3.66344
-2.47195
-3.69025
-1.7221
0.331987
0.100369
-2.80741
0.0312939
-1.50162
-1.55504
0.817022
2.47558
1.55719
-0.937059
0.642956
-3.8146
-1.56633
0.964231
4.60642
2.74843
-0.906277
-1.13232
-3.51526
0.405602
0.277057
1.03861
1.39881
7.54999
1.00765
-2.0005
1.85058
3.302
-2.79358
-0.796904
0.941348
-5.56935
4.86698
-0.881952
-2.1882
-3.68268
-2.68162
0.346669
1.64297
-2.46029
-3.0701
0.740108
2.15233
0.185285
-1.90753
-0.424584
-3.93254
-0.140471
3.63608
4.2793
4.23383
0.816765
6.34997
0.124186
5.8853
3.80055
-1.32421
-0.127155
-1.76568
-4.52152
1.63385
3.97782
4.60832
4.58484
-1.81146
3.75537
4.37902
1.17077
4.67885
3.7709
1.19399
-2.90448
3.96984
3.41847
0.215131
3.39482
2.88641
-2.4115
0.728694
3.87553
-2.03319
-0.333787
3.82621
3.40057
5.32911
-3.27092
-5.22228
10.6973
1.69331
-3.959
1.07466
1.65115
-0.583708
3.31822
4.80789
0.44474
-3.19395
3.54352
2.1306
-0.235414
1.18124
5.01189
-5.80863
-2.80254
3.95735
-3.62432
-3.41367
-2.56398
-1.31864
-2.15339
-3.44823
-4.456
-0.704928
1.12309
3.81766
-0.849967
-0.828723
-3.613
-4.36877
-2.37094
-4.54818
-2.91723
2.82478
0.354552
-1.49775
2.86366
-3.37031
5.00161
-3.31367
-3.47479
2.74842
-2.69745
0.713357
-3.0594
-4.62366
0.38592
-3.45523
-0.917745
-2.99915
1.79473
3.62908
-2.44025
-1.30232
4.69935
-1.93322
-5.68514
3.26011
-3.44892
-0.776061
1.77944
-3.09508
-0.417752
-2.29106
0.272414
1.41469
-4.30276
2.47865
2.41207
4.52398
1.19443
0.653409
1.28126
1.71336
2.29165
-0.896457
0.776241
7.10412
5.92802
7.76455
-3.29644
2.90713
-2.57449
-3.45905
-3.9358
3.70155
3.33964
4.8008
1.5419
-0.683246
-2.68957
-2.23721
-2.79052
1.53295
-5.45209
-3.70092
-0.847923
-0.680374
1.45173
-3.66859
-4.35241
-3.99877
4.77405
-2.90276
1.34034
3.37298
-1.98033
1.93244
5.53911
-3.81619
7.57452
-2.79062
-2.86483
-3.21934
5.5364
-2.0547
-0.764616
0.776295
-2.46141
-2.14625
-1.63865
-1.43405
-3.80076
-3.13759
-2.55458
-2.0185
-1.56715
-2.08854
1.5041
2.47607
1.80921
4.81228
-3.20234
2.37887
1.20597
-2.71725
-6.85904
0.849649
-4.41144
-4.20356
-3.17635
0.510296
-3.83399
4.53968
-2.37429
1.12363
-1.27465
1.40063
-4.38464
1.04587
-4.5802
1.87939
2.91924
4.60719
0.261088
4.41639
7.27418
-2.65694
-2.98569
2.79011
0.207996
4.93885
-2.78037
-4.58409
0.368608
3.58907
-2.5429
-0.836274
4.37325
1.50674
4.1921
-4.49338
1.36624
-4.8449
0.748908
0.942506
1.5627
4.44598
4.16351
7.3456
-2.73304
-3.33173
3.00884
5.7276
-0.332135
4.14996
-4.2979
-3.96327
-2.54982
6.05095
-2.31309
-3.74051
-0.0554194
-4.41807
6.41167
-3.46778
4.05287
4.50725
3.49864
2.48203
2.16395
1.67239
-0.204814
-4.19652
3.16813
6.42286
-4.5993
1.08649
1.88175
-2.00416
6.41503
-3.26516
4.97563
-4.02141
2.70086
2.56568
3.13988
2.51162
-1.18923
3.79222
1.6187
4.65868
1.59065
-1.90004
-4.99323
6.97613
-2.24137
7.31825
-3.87117
-3.26826
2.33748
-3.18885
-2.38201
1.81984
7.1739
-5.38856
1.05644
14.4426
2.64263
2.21418
4.33122
7.70248
5.62999
2.0756
-1.00734
2.01081
2.87805
1.34505
-2.98968
3.40346
1.44338
2.13991
5.46953
10.1553
2.45786
-1.13823
-3.5191
-2.32907
2.19074
-3.17116
-1.92228
-4.30801
2.60383
5.43025
-4.59442
-1.23402
6.61455
2.63235
2.96454
-3.38658
1.2844
3.05806
5.26714
-3.17453
8.82769
2.08419
1.18117
-2.36772
0.802234
-3.57359
-3.24495
3.24474
1.11295
-3.48887
2.18515
-5.87992
-3.00389
0.434982
-4.42222
2.44409
-1.64149
-0.43929
3.19331
1.27006
-0.877769
-3.05247
2.73755
-2.45075
-0.437133
-2.22714
3.13221
-2.93674
-4.4222
0.59612
7.04525
4.21222
4.52189
-2.3197
1.63098
-2.54108
2.89408
1.77334
2.57482
3.15954
2.84317
-1.86752
2.37014
-0.492995
1.31537
3.85975
-3.31479
-2.44974
4.79136
4.43705
-1.58825
5.25892
-3.14612
0.760084
6.64407
-0.199017
-2.19235
-1.72246
2.55495
-3.871
2.99011
-1.05205
0.257744
3.53661
-4.31764
-3.65098
-3.06348
3.2122
3.68355
3.57778
2.40138
3.82815
3.18595
1.55
1.86979
-2.08238
2.2846
-1.11991
4.2845
-4.0429
-1.38191
-3.77912
-0.901326
2.6908
4.00596
-2.91018
2.43721
3.04488
3.58134
3.0315
-2.87262
-0.697209
1.78423
1.74125
-3.90205
6.47833
5.68762
-2.9719
-1.62043
0.892459
-5.974
1.44526
-1.48504
2.98635
-3.94197
3.92926
-4.16385
-3.06217
4.04919
8.10958
3.14513
0.847997
-2.69091
2.32599
2.55854
2.18331
-2.75518
-3.16467
-1.62689
-1.54347
-2.46984
-3.3274
-3.77227
-0.249461
-1.28587
-2.49841
2.29787
1.4858
-3.29681
3.64645
0.664832
3.11589
2.72998
8.48255
-3.35628
-3.45948
-3.07907
-3.41873
-3.17443
-4.74456
-0.15029
1.86757
1.89379
-4.7846
-3.22264
-0.224947
2.64535
2.3472
-0.0751101
-1.11537
-2.54105
2.93205
-2.51114
-3.74065
-2.68323
-3.03698
-3.58912
7.72215
-4.54693
2.13278
3.63264
4.65581
-1.8274
3.7897
-0.0930509
-4.9815
-0.067375
2.53368
2.19493
-4.78913
1.86252
0.135909
-5.01531
1.65955
3.64706
1.86656
1.18693
8.78581
5.17209
-5.04813
-2.64197
1.82392
-3.1662
4.37445
1.1866
1.67026
3.29362
2.26664
1.68355
1.50259
2.36311
5.09314
-6.12805
-2.27788
-3.4898
9.70099
6.84855
0.263744
5.22714
-1.72524
-0.103798
-0.224531
2.75746
4.06721
-3.65407
0.0981503
-1.12748
-4.74036
-0.950098
-2.49402
-2.73221
-1.14485
-0.549647
-3.78743
4.44275
-3.877
-0.147801
6.76567
-1.98921
6.35747
-2.28447
4.37871
-2.52064
-1.45598
-3.21714
8.53468
-4.14044
-3.03197
-1.25749
0.7892
-1.12892
-5.33813
-1.35233
-1.76307
-3.18509
2.06423
1.21811
6.20332
1.05622
0.109065
-0.934888
13.9607
1.75446
1.38273
0.775137
-3.07566
-3.61976
-3.09287
1.95544
1.68641
-2.65806
2.86049
-2.71526
-4.91775
-0.986958
1.30516
6.0561
1.33268
-0.294456
-2.19326
-3.80421
-3.06574
-3.56436
5.95402
5.93494
-3.82575
5.34194
-3.04605
-6.02987
-2.9988
-1.49904
1.17768
0.577658
9.97583
-1.14563
-4.49866
-3.5622
-1.18818
-1.23872
-2.38149
-0.381185
-2.31377
5.03104
5.6557
-2.06055
5.48803
-3.13776
5.35498
4.58463
-4.54608
3.82907
-2.24535
2.12054
-1.41325
3.80121
3.23487
-2.45006
-2.80371
-0.456841
10.804
5.02107
-2.51958
-3.07472
-5.10494
-3.47965
-3.21892
4.79493
-5.44431
-3.7205
6.80871
-2.24238
-2.02272
1.22775
-1.83707
-3.18136
-1.67205
-3.56705
-5.58373
-2.40301
-3.30058
-2.743
-3.56423
4.91211
-3.35607
12.6985
2.72052
5.69859
-0.750073
-4.02546
-2.60187
3.56376
2.10004
0.555762
4.04333
1.37961
3.26064
-2.84626
6.77546
4.65853
4.50259
-4.04358
-3.08369
-2.35029
-3.50418
7.14383
7.58735
-3.27796
-2.24073
-4.13354
-2.89427
7.44118
8.42721
-3.04225
-2.01742
1.63161
-2.09395
-1.54345
-2.2799
-2.43988
0.639572
3.57025
-4.59707
-2.56764
4.52168
-5.74296
-3.75702
-3.1017
-4.34541
-3.17199
-3.8998
-3.2651
1.35083
1.72596
7.23256
1.21903
-3.74221
3.41267
-3.99568
-2.55563
5.99635
-1.30661
6.21496
-2.65849
-1.24904
-4.55143
1.94188
-3.85649
-2.61209
0.95275
-3.45543
-3.87282
5.03678
3.65481
11.1169
-3.52885
-3.64379
-2.78288
1.86327
-0.0952298
5.38717
-4.14607
3.36827
-2.23698
-2.0141
3.2835
-0.809628
3.92076
7.11515
-2.08905
-1.06736
1.49558
2.40396
-2.57597
4.86796
9.84314
0.565359
-0.376558
-2.73468
3.29183
2.16595
-2.05935
0.942031
-5.13539
-1.11848
-0.873547
-5.52011
-2.39026
1.16067
-0.0787436
3.21753
-3.25893
-4.9347
-2.97131
7.31018
2.74303
-3.99934
3.62837
-2.21223
6.15021
-3.90121
5.61932
-2.68424
-1.74637
2.26002
4.35344
-3.28167
-3.56191
-3.16306
-2.52095
-3.80506
-2.96636
-0.0293538
-3.3615
5.38601
-2.6416
-2.21971
-2.58794
5.7476
-2.76708
3.9851
6.30322
2.38639
-2.6527
-3.6039
2.19372
-2.54582
-3.59764
0.708585
-3.10154
-2.93604
-3.59197
-3.07471
-3.85199
1.67875
2.81908
-4.12222
-2.70763
2.39472
5.65404
4.18253
-1.48493
-2.1328
2.18688
2.80463
-1.3065
1.33579
-5.3095
6.97901
1.95019
-2.53164
5.99506
4.47614
3.43399
1.88661
-2.24023
2.377
-1.90939
-1.67345
-0.339923
-3.81325
2.89392
-0.0033341
-3.01249
-3.20394
-6.18095
2.81815
2.37373
-2.72206
-1.58324
-4.02315
-0.913683
-1.34257
-3.49758
0.898641
-0.354188
2.17478
0.612057
-0.523594
2.22753
1.50868
4.92912
-2.44475
-3.28593
0.35764
-2.74346
-1.93131
-4.60111
-2.67621
1.92059
-0.936866
-2.22669
-0.386309
4.503
-2.35838
-3.17135
-3.16014
3.00089
-3.30586
2.92915
-1.20251
-3.14996
-1.50224
-0.212862
-4.93397
-5.49456
4.51085
-2.01149
-1.63211
0.0781711
-0.197747
-3.73319
2.84945
-3.19147
-3.61936
-1.03135
-0.156715
-4.35935
2.28851
-2.79427
-4.44982
-1.74469
0.923751
-1.71313
-3.77749
3.61977
-1.97488
3.98544
5.37252
-0.7795
3.08683
-0.454138
-2.61998
5.00511
-2.60599
-2.10243
2.21854
-0.755738
-2.4874
2.57211
3.74399
3.59057
-3.78473
-2.45134
3.32039
-1.91265
6.75069
-2.08921
-1.29926
2.91543
0.144081
-4.25294
-3.40519
-3.46184
4.79897
12.4287
8.51135
-4.30797
-3.40345
-4.07781
4.99055
9.68404
-4.70606
-4.87546
-4.27958
0.220262
4.1158
-1.38169
0.0184811
1.01682
0.381005
5.29314
-4.54728
2.39703
-3.91912
0.784671
-3.23435
-2.36468
-1.53105
6.98057
0.737431
-3.5238
-4.31382
-3.96561
-3.79835
4.38314
-4.88534
-2.33214
9.17713
4.34322
4.36614
-1.74004
5.29762
-2.51746
1.26558
-1.49693
-3.01616
6.08913
-3.08577
-4.24837
-3.86731
1.22016
-1.99138
-2.94188
3.70993
-4.23494
-4.35096
-3.85001
-1.6928
4.14731
-5.51489
-1.28614
2.68334
-2.69711
-0.821237
2.22377
-5.05012
-1.91181
-3.9061
-4.99547
1.00102
-4.17641
-4.3959
-4.11363
-2.61897
2.12076
-4.35605
-0.673618
-5.37016
2.52604
3.37526
-5.47878
-1.40923
-2.79699
-0.570365
-1.43949
-5.01574
-1.11555
-3.14482
8.31072
-0.18595
-4.49537
-1.19096
-2.96232
-2.01593
-1.81729
-1.8231
-2.65998
-3.24664
-3.06386
-2.00909
-0.823244
-3.18031
-4.01408
-2.38139
-3.14438
-1.18822
-5.46228
-2.80429
-1.02947
-2.10152
0.582663
-2.79458
1.67043
8.9574
10.3032
-1.03175
1.25886
-0.439803
1.34
4.65098
-2.3925
-2.77849
-2.2314
1.66368
5.29617
-4.16162
7.91084
7.3422
-3.22851
-3.95903
-1.34349
-2.84916
-2.36031
-4.03629
-0.795557
-2.93764
-4.99954
-3.26736
-3.00757
-4.79125
-3.44252
-1.80315
-3.95387
-3.33205
1.08936
-2.92849
-0.898704
-2.83824
-2.36735
-0.751182
-3.6062
-3.50369
-2.41692
4.421
6.80304
6.73512
-3.18548
12.2706
-1.1842
-2.21923
-3.90432
-3.702
12.0387
5.0689
-2.96898
5.7926
-2.62687
7.91654
-4.61478
0.022549
-4.0986
6.89817
-3.36171
-1.83396
5.15701
-3.90167
-3.41529
-4.33176
-2.51425
-2.90142
-3.74011
-1.99783
-2.18773
-3.56107
5.68723
-2.92346
-3.30697
-3.0926
-2.95257
-4.85294
-2.61831
-2.2422
-3.0096
-3.44441
-2.53519
0.550208
-0.310467
-3.04657
-4.16777
-4.8534
-1.11318
-3.61456
-4.53285
3.55481
0.212105
-1.49618
-1.57541
17.3241
2.3652
-2.88379
14.7852
-0.658121
0.513306
-4.11491
0.724121
-2.62585
1.50095
3.36916
1.02468
-0.424919
2.82677
-2.19289
3.06843
-1.24798
2.5864
5.17137
2.51123
-3.75455
0.357117
3.40628
-3.78242
11.5058
1.93356
4.55431
2.93565
1.97656
5.04003
7.37099
-2.36642
-4.91542
4.62427
-2.64047
-2.32938
-1.51764
1.53541
-3.71282
-1.80693
6.96784
6.13691
2.06305
-2.72878
1.95753
-1.97513
6.45976
1.34203
-2.99338
-1.86792
-2.04124
-6.55362
-3.12122
0.294562
-3.90224
-2.52419
2.79294
-2.543
-3.6415
2.1306
16.2122
2.6065
-2.88279
-1.72088
2.24511
2.25302
-2.13194
-1.85867
-2.65609
-6.23889
0.426657
6.4731
-3.89372
9.36226
5.49439
-2.34134
5.25726
-0.0945264
8.59998
-1.77899
-4.68638
2.31762
-3.13783
2.9767
-3.31828
-2.26819
6.41785
-2.96883
5.28713
-2.45043
2.85184
-6.04323
-4.00673
-4.08991
-0.0697463
-2.50203
-3.99841
-3.38561
-5.69624
2.44708
-4.03363
-3.71898
6.73052
-2.39421
2.46067
-2.36699
4.60367
6.4108
-2.55237
1.75842
-3.29678
2.7685
-4.43735
-1.37674
-4.47419
-4.16473
-3.80767
-4.60269
-3.75852
-3.22071
-2.46819
-2.62203
-2.7452
3.70354
2.40513
-2.84596
-4.31699
0.33226
-3.94075
0.761059
-3.13509
4.6294
-2.71754
4.578
-3.0456
1.92707
-2.94413
-0.714125
1.99239
-2.85456
-4.37778
-3.94334
3.57284
2.68641
2.55078
3.26828
0.620498
-1.43725
6.78314
-2.35704
-1.27773
5.09851
6.10176
4.16964
0.939356
-1.50303
-4.1123
-1.53805
-2.85449
6.49947
1.22571
-2.16977
-3.3324
-2.23745
3.72807
-2.74222
-3.57221
0.3014
1.29668
-3.96688
-3.38933
-3.95678
0.738778
-4.35099
-4.21941
1.10808
-1.37747
5.05236
5.11976
-4.00461
3.28528
4.92182
7.01262
-4.41078
-2.9855
-0.53044
3.35178
-1.82876
-3.17283
-3.79681
-1.38204
1.58143
-2.63392
-0.888089
3.16568
-3.30427
-0.00933471
2.42442
4.14581
1.9991
6.07054
-6.57348
0.634104
6.22507
0.759738
1.46955
1.06278
-2.42132
-3.48763
0.0881303
0.972074
4.75576
1.8021
-4.86081
1.8749
-2.08033
-1.2849
-4.18998
-2.88501
-4.55505
2.59109
-2.85935
-3.31128
-3.01068
-0.446494
0.212955
7.99502
4.02285
7.03256
6.9361
6.18254
-3.7092
-2.876
-1.1392
1.88612
3.39484
-2.24866
4.97601
3.6781
-3.84416
-5.08743
-3.78412
-2.35909
0.7572
-4.22462
-2.9957
6.60612
-2.57272
-3.23917
-3.92848
-3.4056
1.84253
-3.02767
3.82452
-1.54392
-1.76892
1.21604
-2.49886
-1.16745
-4.82143
-1.90713
-4.4525
3.35536
-2.56806
-4.78812
4.44887
-1.96152
-4.01212
-2.72317
5.06607
3.08871
2.69087
-2.08514
6.4296
-2.75689
8.99049
-3.40141
-2.67663
-5.28181
-4.40152
-3.08455
-2.69625
2.94334
-2.80939
3.30511
-1.53732
-2.58107
1.60637
-4.91091
2.27675
-2.61616
-2.9259
0.113485
4.54666
-2.90557
-4.10502
-1.29587
5.4572
-3.59794
4.75528
-3.90218
4.73141
-1.53556
5.50825
1.63643
-2.41901
3.02695
-3.45973
-2.44072
-5.98253
-1.90564
-3.05344
-0.0160659
-3.8344
-2.56804
-3.8257
-3.38325
-1.61717
1.5982
2.32667
3.24937
-4.40155
-1.94308
-3.80274
1.17571
-2.21133
5.29671
2.02597
1.10824
-3.54548
-1.52348
-2.72029
-0.733885
-1.14848
2.64821
1.30643
1.62084
-3.16626
-2.6068
5.25295
-4.12195
4.12098
-4.22098
-2.41552
-5.5292
-2.424
2.38524
-2.0909
-4.95228
-2.61646
-3.51308
0.180138
1.06408
-3.49271
3.04486
0.0626398
-1.81526
-0.161998
-0.643923
-0.215496
5.94676
0.468711
-3.58587
-4.41706
-3.74862
-3.30552
-2.6353
-0.69859
-4.10648
-3.42621
-2.43351
-4.00013
-4.83719
4.0515
-1.79817
6.67133
-1.59187
-2.9538
-2.92245
3.77691
5.27234
-1.02316
-1.16383
3.52056
0.699945
-4.6875
-3.69594
-1.90353
-3.41979
-2.73902
-3.77144
-2.89535
-4.82853
2.66587
-3.21182
-2.1404
5.09468
4.16756
4.43798
-0.040076
3.55351
7.37147
-0.757544
1.35207
-3.54407
6.32817
2.93548
-4.21172
-3.56094
2.93748
1.89933
0.71193
-3.53782
-2.39923
1.48959
4.26861
4.14169
-4.79713
-0.0442041
-2.42253
-4.65777
-3.93056
-1.85692
-0.361087
-1.09611
-0.185245
-2.83011
7.25174
-2.32049
-3.74072
-3.26729
-4.82199
-3.77567
0.109289
-1.9848
-2.57431
-1.70876
2.22563
-3.74101
1.37978
1.53193
-5.06023
2.34937
2.57258
3.11333
-4.23978
-0.476192
5.70368
2.5526
-1.20907
-4.17956
4.20692
-3.26505
-1.0625
-1.0339
-3.70772
4.67142
-1.49505
-1.16222
-3.30606
4.90171
-3.41713
-5.43841
-2.47853
6.12696
-5.19469
-0.520256
-3.03167
0.135345
-1.50233
-3.83974
-1.89569
-2.35761
-2.16571
-2.24781
-2.96977
-4.79573
4.46702
-2.48702
3.09479
-3.37355
4.02087
-4.04936
-0.631511
-2.74835
-1.87856
-1.03428
-3.86663
-4.39492
-4.0714
-3.88273
-1.93536
-2.17374
-1.89464
-2.83091
-5.32339
-3.85102
10.3658
-2.74423
-0.926451
-3.50648
-0.369689
-0.188246
6.8215
4.93594
-3.99217
12.4158
-4.6406
-3.6777
-3.19505
-3.53992
-2.01011
-2.41438
1.15879
-2.82464
7.32426
-3.62292
-3.10566
-3.34732
1.27296
-3.35326
-3.39181
-3.46145
6.50961
5.00642
-3.5787
-1.14789
-2.55415
11.4814
-3.42253
11.4421
-2.68189
5.91626
0.292427
-3.48537
-1.17091
1.12526
4.56921
6.5676
-3.69124
1.17865
-2.31447
7.01201
-4.17331
6.25829
4.95527
-3.35266
-4.10158
7.67054
5.11184
2.53307
-2.83369
-4.18014
-2.23851
-2.33926
4.41466
-2.78541
-0.89603
1.28299
4.38172
1.39086
-2.26487
-1.6026
-4.0733
-1.90265
-2.71241
2.75087
6.05672
4.16504
-3.44312
-3.2755
-4.46948
-5.2054
-3.67167
5.25817
-0.178496
-4.58498
4.81799
3.05709
-2.52969
1.96649
3.96493
-0.920571
-3.34233
-5.00446
3.48878
2.90816
-0.474524
3.26224
5.77542
-2.73422
-0.446938
1.34128
2.69239
5.77503
7.27868
4.11395
3.522
-1.52794
-3.7169
-3.2832
-2.44121
-5.10616
-4.63864
-3.67249
-3.19345
3.74971
-3.76465
-2.41291
-2.12968
-5.02116
-3.1105
6.62245
-4.36459
-3.39888
5.71189
-2.71633
-3.43143
-1.25367
-1.20396
3.39008
5.62992
4.65779
-2.05097
2.08911
4.32812
-3.4565
0.163662
-5.7792
4.02864
2.68668
0.5552
-3.09339
-1.08937
-2.8339
3.43207
-2.88442
-5.12643
-1.53943
3.26983
-2.33429
-1.98939
-2.06765
-2.94814
-3.16089
-3.04868
-2.66303
-5.81139
-4.36719
-4.41758
-4.48371
-1.30545
-2.44436
-2.30965
-4.99667
-4.31235
-1.88391
2.22519
9.9051
5.1237
4.53556
-2.5823
-3.03308
-4.13873
-2.23178
-4.45669
-1.31441
4.52761
4.31251
-3.3909
-1.1203
4.43822
2.10553
-2.93184
-3.58793
2.61375
3.30021
11.3314
7.17015
-4.26333
0.326265
3.9278
2.46078
-1.70758
-1.68488
6.38213
4.20079
-3.54209
1.28359
-2.65113
4.23517
2.26086
1.50219
-3.62483
-3.12258
-3.63665
-4.80271
-3.93406
1.74747
2.37331
-4.28985
2.00114
-2.14511
5.25688
-3.08864
-4.87787
-3.55171
1.01254
-1.83664
-3.6757
-0.283216
4.97628
-1.89827
-1.40837
-2.09305
3.60391
-5.90447
-4.22753
-4.66819
-4.4344
-2.54095
-3.49442
-4.5313
-3.6393
-3.47245
-4.55734
-2.40599
-0.0929442
-2.97913
-3.0958
1.56196
-3.59442
-3.53938
-3.25253
6.32088
6.50763
-2.05688
-4.6512
-3.62984
-2.68625
-2.31578
-3.92303
3.45856
2.97465
-3.20556
2.45267
3.61266
-4.10795
4.3684
-2.83731
-2.35238
-0.66742
4.096
-3.3263
-0.108609
1.44322
-2.75973
-3.01507
5.15873
7.68711
-3.81153
0.262341
2.8012
0.919308
0.727894
-4.94018
0.324233
-2.53333
-2.74806
-2.70606
-2.76035
4.85882
2.35858
1.2126
9.24989
5.1683
-1.40585
-4.54248
-1.58555
0.673881
4.87489
-4.72833
-1.25267
1.60561
-3.4162
-2.65972
-3.20824
-2.41163
-2.86382
-2.62652
4.73872
-4.47267
-2.51957
-0.900213
-4.06866
4.58708
0.954245
-3.54064
-4.74384
-0.774945
0.903423
-2.87954
-1.77648
-1.70141
0.533932
-4.48593
0.433329
1.31051
-4.91856
-1.4537
-3.72158
-4.7216
-3.71699
-0.791217
-3.08417
-3.86538
-2.89021
-2.25911
-2.64357
-3.34429
-3.18043
0.513545
1.06693
-3.10399
2.96255
-1.46588
-1.27571
4.5454
-2.72363
-1.7549
-3.05731
-3.17526
-3.24778
-2.62349
-2.93075
-3.87171
-2.83946
0.471135
7.49994
-3.60256
-5.2059
-3.16592
-1.01158
6.50489
-4.04831
-2.86928
-4.45155
-2.67994
-4.21391
-3.74924
-2.26587
-3.31927
-3.24357
-3.96749
-2.40301
-2.76542
2.02983
-3.11721
-3.53061
-0.944478
3.33249
-4.31151
-2.01331
-3.03773
13.1017
-0.625147
-4.78207
-3.02328
1.5922
-0.593509
2.18123
-3.31528
-4.76293
0.541172
4.54538
-4.61263
-2.74707
-2.72876
-3.43411
-2.88274
-2.53699
-0.332376
-0.589383
-2.13094
4.29864
-4.36492
3.74954
5.04417
2.30636
-1.00881
-4.07517
-0.47058
-4.04016
-3.99681
-1.06131
-3.39832
-1.04375
4.44354
-3.39115
12.7422
-2.33353
-2.53258
-3.2997
-4.4819
-2.23011
5.3445
-2.72646
-2.77905
1.97192
-3.43005
3.53426
-2.2276
1.73461
-2.089
-2.3435
-2.2938
-2.56583
-2.7846
-2.93088
-2.56717
1.20433
-0.238563
-4.09052
-4.3788
-4.1156
-1.84905
-4.77746
2.47625
-0.209706
-4.93877
-1.48147
-0.691255
-1.54987
-0.427154
-1.32028
-2.83044
-2.70913
-2.54986
-7.14293
-3.31394
-1.48724
-3.56786
-3.13351
2.57278
-1.665
2.09433
-3.363
-5.00556
-2.93889
-4.96248
-2.81417
-5.83546
0.994325
2.03647
-4.63345
-0.549433
-2.73315
-3.02772
-0.345634
-4.15626
-3.95557
-2.62788
-4.02065
2.56538
-4.3053
-3.20361
-4.22264
-3.30936
-3.24
-4.54698
1.56672
-3.48281
-2.59884
-2.99946
-3.86822
-1.87469
-2.26373
1.87889
-2.92603
-3.29958
-4.1584
-4.78805
-2.81633
-3.33672
-1.36435
1.44363
2.2691
-3.12151
-2.4161
-3.90838
-3.33133
-2.33557
-2.60956
-3.7934
-1.57011
-4.71347
-2.05308
-3.61534
2.2621
-3.86939
-3.41339
0.273033
-3.39118
2.84169
-4.74338
-3.8645
-4.22176
-3.22487
-2.46234
-2.7018
-4.72499
-1.50739
-3.00963
-4.26966
1.41685
5.69717
-4.59746
-2.62119
-2.80134
-4.46829
5.91024
3.90559
-4.20039
-3.13189
-3.4706
-3.38462
-4.51829
0.94682
-4.63421
-3.34949
-1.63494
-2.65064
-3.87153
-4.13913
-5.28446
-2.64428
-3.56877
-4.08842
-4.21361
4.18853
3.90279
-2.53031
6.28046
-3.81488
6.48671
1.68273
-3.93151
-2.94897
1.48228
-0.0765805
-3.3925
0.458122
-3.31016
-3.72848
4.24601
5.90664
2.91864
-0.966559
-3.84257
-2.85499
-3.9981
-5.36608
2.55126
8.62553
-4.10045
-1.40802
-3.98527
-2.91138
-0.935411
-1.2287
-2.32902
-2.67752
2.46218
-0.57457
-1.00484
2.18685
-3.83808
-2.63783
-4.53651
-2.73675
-4.32487
-1.62753
4.26751
-3.46997
-4.24641
2.3979
-2.98079
1.04818
4.63163
-2.37409
7.36866
-1.10509
-2.81122
0.470081
-3.56656
-5.66755
-5.5294
-1.15325
-2.29147
1.02309
2.96513
2.36248
-1.7856
2.78121
-2.12633
2.57205
1.83435
-3.05766
-0.362303
-2.8031
-4.59908
-1.88487
0.164962
2.59834
-3.87054
-5.75798
-3.37831
3.64004
-3.58044
2.94386
-2.38688
-4.08142
-2.8305
-2.14909
5.0101
-1.80964
-4.65531
-0.988126
-4.18841
-5.25149
-1.35974
-2.70838
-4.0653
-2.29487
3.93409
6.90179
1.30242
2.64423
5.7024
-0.425755
3.34123
4.1865
-6.5947
3.988
-5.30807
-5.15061
0.841064
-2.11356
-2.1141
-4.37325
-2.20726
-3.35238
-2.75548
-5.35817
-3.54398
-1.2078
-4.67133
-2.5078
-4.69993
-3.61688
-5.45606
-3.81309
-5.07031
7.333
-3.45353
-1.66899
-1.01418
-1.71074
-0.0511339
1.17907
-2.79637
-2.31524
-1.07168
-4.34652
-1.6101
3.23642
2.45604
2.82919
-3.63318
-2.23692
-4.05636
-2.32886
6.80157
6.59633
-3.26847
-3.15435
1.93272
0.73429
-4.1345
-1.20026
-2.88134
-3.97162
0.16445
-5.00844
-3.21844
-2.48646
-2.74519
-3.66651
-2.68474
-3.40383
-2.67744
-2.08521
0.585245
-0.996669
-2.47614
-0.631579
3.34451
-4.12462
5.66993
-5.35882
-0.0495916
-4.02622
-3.04699
1.47796
-3.39767
-3.87626
0.27974
4.14104
-3.7469
-2.63456
-2.45069
-0.998016
-2.93016
-0.71696
1.89487
-2.03853
-0.022189
-4.88789
-3.91614
-2.32162
-2.98284
-3.86817
-2.53701
-2.78268
-0.0487359
6.39738
-3.8913
4.04487
0.395867
-0.0988093
-4.24345
-3.37044
-3.53106
-1.08219
-2.59563
5.4091
-4.22543
-4.15902
-5.04109
-4.52217
4.29867
-3.80728
-1.03445
-1.90014
4.53244
-2.45762
-1.97714
1.41844
-3.70162
-1.6425
-2.03637
-1.20589
6.63768
-2.9131
-0.439485
-3.19601
-4.38188
-4.76915
-1.82689
1.8463
-4.51707
-4.9489
4.59743
-2.68924
-3.08595
-5.01808
-3.95845
1.16941
-2.91162
-4.53194
2.17344
5.5176
-3.15693
-0.000881339
-3.43295
-2.96497
-5.28777
-3.08459
-2.00146
-2.72807
-3.09212
-3.64188
-3.14261
-4.86531
-1.97437
-2.28856
-5.48394
-2.21896
-4.89136
-2.64387
-3.47752
-4.08304
-3.72428
4.53344
-3.42701
-2.61782
-2.70521
-5.33983
2.93623
6.32317
-3.55088
3.17613
-2.27688
-5.36604
-1.64983
4.27254
-3.44557
-2.63676
-3.12476
-3.44617
4.08181
-1.58116
0.599426
-0.204606
-3.06015
1.37465
-1.91943
-0.915177
-3.20309
-2.90185
-2.20018
-3.10768
-1.23404
-4.91277
-3.39303
-2.82933
-1.77164
4.81418
-4.46783
-2.45995
-5.28218
4.88625
-2.87722
-4.55435
-1.72419
0.0492659
-2.06679
3.89812
-2.63352
-1.35436
-4.36421
-3.36884
-3.15566
-1.01252
-2.66719
-4.45572
-1.06813
-5.13826
2.20898
3.19537
-0.914621
-4.79129
2.21047
4.43316
-1.99144
6.22373
-1.29682
-3.56057
1.22368
-2.65898
-4.03645
1.05548
-3.8922
-4.64433
-3.12816
-4.05296
-3.26531
-5.5958
-3.67034
-3.50621
-4.50043
-2.56044
4.61409
-2.09188
-1.73243
-4.09477
-5.18393
-3.56303
-3.27767
3.60396
-4.43317
-3.38315
-0.702485
8.32669
-3.69052
-3.4738
1.95577
-1.98422
-3.32481
-4.07457
-2.86862
-3.46787
5.81716
-3.1195
4.19062
-2.40534
-3.45819
-3.42599
5.75652
-2.87277
-3.25414
-2.41562
-4.73239
-4.80604
-3.68175
-2.39657
-2.83377
-3.13471
-1.31162
1.99529
-1.57128
-3.13644
-2.98578
6.05193
-3.38062
10.9139
-3.19218
1.85773
-3.20589
-4.62286
-2.78008
-5.64464
-4.70677
-4.4415
-2.42721
-2.97962
5.55446
-1.55286
-2.23944
-3.84574
-0.790956
3.45926
1.92557
-2.61739
-0.152178
-3.4649
3.53374
-4.55341
4.52801
-2.13961
-3.53869
-3.80197
-2.0868
-2.71466
-3.21601
-1.99442
2.20687
-4.51041
-3.39615
-4.15213
1.42889
-1.86848
-4.15455
-2.64048
-2.56202
-4.63257
-2.84472
-3.275
-3.61661
-1.34813
-5.85784
-3.89181
-1.19461
-3.5735
1.44945
-3.35837
-3.97445
-2.76369
-1.02673
-1.95245
-3.17986
-3.53428
-2.41559
0.247262
3.02896
5.16331
3.15896
-3.73838
-4.87895
0.518069
-4.76572
8.11319
-5.01661
-3.49198
-0.115757
-3.0123
-3.11916
-0.630102
-2.35852
-4.91413
-4.08287
-2.45845
-5.17227
-5.60886
-3.53277
7.05833
3.10132
-3.05157
-0.684205
3.43054
-3.19868
-1.91836
-3.66252
-5.1386
-3.74381
-2.83656
5.98251
6.09794
6.31624
-3.49001
-3.77039
-0.0241668
7.7951
7.83747
7.68637
-3.16178
7.30822
7.82176
-2.01964
-1.75283
-4.7029
-3.29853
-2.02003
5.85848
-2.8464
5.22564
-1.9112
-1.74891
-3.649
-3.44281
-1.69316
-0.443806
-2.44903
-2.88925
1.2965
1.16335
-4.26207
4.97963
-1.16258
8.66362
4.34985
-3.60642
-3.91379
-3.43982
-3.24056
0.311861
-3.59288
-3.9787
3.07575
-3.19206
-1.34895
-2.03246
4.37042
-0.203119
-0.799219
0.572286
3.21897
-2.73778
-3.11686
-4.02928
6.51423
-4.37704
-4.48039
-3.51497
-2.79467
-3.84114
-0.727984
-4.1686
-2.51526
-3.50085
-4.92849
-4.65828
-5.48593
-1.3589
0.333936
-0.35873
-2.29915
-2.39126
0.718852
-1.08863
-3.32035
-6.0916
-0.787482
5.92418
-0.35308
6.99598
-1.9421
0.261161
-2.1157
-2.72971
-3.82868
-2.90906
1.27416
-1.55681
-0.832181
-3.94249
-1.98864
-2.01033
-3.07648
-1.4004
-5.12303
-5.28265
-2.40445
-2.4154
-3.93017
4.5194
-2.65531
3.22811
-0.0563481
-1.84845
-0.980609
5.65591
-2.39628
-3.15826
-2.86094
-1.35417
-3.92098
-2.16773
-2.26314
-4.13713
-4.22491
-5.03798
-2.60572
-4.21091
5.17355
-3.76642
-3.62865
-4.36485
-3.83421
-4.53658
4.70062
-2.32688
-4.69642
1.17916
3.55483
6.98765
1.2847
-2.21844
-1.98681
-1.97198
8.21989
5.79324
4.9969
-4.48997
-5.86158
-1.40654
2.46675
6.52044
-1.67407
-2.76991
5.78244
-2.63245
-1.0076
6.52704
3.76309
3.74769
9.09924
-1.26582
-4.78916
-3.21885
-3.36757
-4.37751
2.06465
-5.55661
-0.394685
-4.62425
-3.06531
-0.583149
-1.88873
5.48344
0.999456
-3.44011
-3.18841
2.45782
-3.0856
3.01577
7.66132
-3.1371
1.96768
-4.11016
-5.98496
-2.97165
2.54673
-0.0228888
5.7613
-3.2543
-1.27236
-3.95801
-3.09789
-0.86101
-3.74154
-3.33188
-5.53878
-3.10498
-1.47654
-1.52694
-4.5093
-5.35885
-1.22883
0.587588
4.25
-3.41981
-0.617825
-5.06367
-1.94223
-3.13623
-1.29436
-2.99519
-2.23857
-5.95355
-3.36838
-5.39843
-1.51648
-2.75628
-5.05118
-4.20373
-2.05591
-1.80673
-1.61494
-4.03771
-3.23675
-4.48169
-2.88406
-3.1587
-0.497275
-3.87665
-2.92483
-2.97695
3.38899
0.743397
-2.29536
4.14889
-4.82279
-2.58092
-1.47962
0.352881
-4.90001
-2.79343
-1.06694
-2.33767
-2.79895
-2.02258
-3.29506
-1.18102
-1.3249
2.49593
-2.93045
2.35315
1.2945
-4.22207
-1.67068
-2.22899
-1.77014
0.281298
-3.26412
-2.16311
-2.34973
-3.46167
-4.19552
-2.16621
-1.88273
-1.23955
-2.90376
-4.84873
-2.68332
-5.15373
-3.26119
-2.65813
-2.69552
-5.60397
-1.56509
-2.65993
3.87234
-3.41326
-2.99705
-2.87538
1.25432
-1.78678
-1.20689
-2.57922
-1.40299
-1.88352
-3.41711
-5.03488
-4.6622
-3.20504
-2.25794
-4.72132
-3.55521
3.12242
-4.81414
8.0692
-3.2115
-0.683781
-4.8486
-1.42369
-2.53253
11.4865
-1.61137
3.08986
-4.15715
-2.70952
9.01503
-3.30743
3.22417
-4.26808
6.19059
10.0035
-2.91433
-3.15305
-3.68082
-4.48251
-4.31127
-5.00351
-3.46427
-3.53036
-2.88531
-0.940122
-5.19963
7.55622
-2.77305
-4.36503
4.71378
-4.89049
-3.83705
-3.1119
5.11742
-3.8418
-3.69767
-1.85499
5.66009
5.16425
-4.08443
0.647537
8.99242
4.75837
-2.46688
9.40959
0.5849
6.29569
-3.00181
-4.70372
-2.18652
-2.52174
-3.62616
-1.87857
4.42661
-2.91522
-2.90849
6.28554
5.17405
-3.13271
5.21797
-5.20396
-4.60887
-1.98905
-2.38753
-5.26677
-2.8016
-3.31329
3.97817
-2.56246
-1.6599
-3.77245
-2.94541
-2.72007
-1.3042
3.48351
-0.768773
-3.64141
5.57399
-2.56359
0.717783
0.210118
-4.75075
-3.93556
-2.92925
-1.19899
-4.11084
-0.851796
-2.13025
-2.67616
-3.56823
-3.27072
-4.74278
4.37959
-3.32993
-5.07428
4.29728
-3.80695
-2.26184
-4.62252
-2.95647
-3.12135
4.87373
-5.62594
-3.34199
-2.07348
-2.5471
-4.94538
-2.24826
-2.60256
2.98634
5.63457
-2.08711
-2.95755
-1.26319
9.56593
-1.89993
5.27555
-4.50491
7.1861
-3.25266
0.739069
7.57545
-2.02975
-2.91751
-3.4415
-2.01181
-2.4605
1.32345
-0.283502
-2.07911
-1.14298
-3.78645
-4.34417
-5.24332
8.00237
-3.00231
-3.8576
-4.21636
-2.8243
-2.24199
1.38917
-4.35128
-1.04004
-2.57881
-3.65717
7.31737
-2.55435
0.68205
-0.552283
8.02547
-2.1798
-5.55285
-4.74797
-6.50872
-6.31046
-1.66393
-0.459194
-2.99956
-3.7869
0.748697
-1.46853
-0.784468
2.03623
-3.90472
-3.06887
-0.467997
-4.63311
-4.8811
-1.2267
-1.99061
-2.10608
-6.06749
-1.92496
-5.51511
-3.19923
-4.54634
-2.85548
-4.92941
-1.43199
-0.455123
-3.45684
-1.67222
-3.86528
-2.37547
-4.78845
-1.47671
9.06208
-0.600813
-4.18004
4.05363
3.01889
-3.16855
-4.56371
-4.5078
-3.50732
7.3552
-3.22746
-4.19215
-1.92565
10.1852
-3.6993
-4.98841
8.63329
5.49177
-3.14748
-3.92665
-2.50532
-1.36303
-1.67913
-2.93888
3.61251
4.22714
7.18835
-2.2404
-5.13611
-3.11565
2.64938
-1.34194
-4.9936
-1.29916
2.46871
4.98076
-5.68272
-2.58286
-2.63239
-0.74811
4.65319
-5.59736
-3.65023
4.02361
-2.22772
-4.26124
-3.42693
-3.96672
-5.22854
-1.41116
-1.18469
-0.811986
-4.63105
2.52275
-1.89216
-1.12687
-2.60611
-1.26314
6.70483
-4.28711
-3.05791
-3.08937
-2.73014
4.29629
-3.29176
6.37648
-4.95973
-3.28106
-3.66734
-4.18626
-2.54711
-3.10863
-5.98451
6.5187
-1.67024
5.98242
-2.25331
2.59503
3.05586
3.26346
6.66443
6.94189
6.63155
-1.56586
4.9653
10.8237
-4.12149
7.70714
-3.44745
7.16457
-3.99085
-4.58612
-4.2666
-0.342843
-1.87722
-2.33817
-3.79041
-2.08309
-2.15943
-3.83434
-4.04206
-1.83244
-5.61435
-2.58929
-3.15896
-3.04608
-2.44317
-2.15776
-4.00292
-4.09521
-2.99298
-2.1827
-5.74059
-3.24166
-5.47924
