2.77215
-0.608591
3.10251
3.13486
3.30001
5.43444
3.03681
0.299432
4.51283
2.48855
0.367666
7.77968
2.7624
4.71829
4.49412
-0.521892
1.40105
2.29199
2.18302
1.28039
-1.14945
-1.40019
1.86817
3.71133
-0.476853
4.60796
1.62354
2.59157
2.78335
-3.05205
4.84381
-3.86609
1.71852
4.92075
-0.210308
0.340419
-1.0185
1.24281
7.16637
3.29289
2.61114
-3.7276
-3.38742
3.19877
0.895149
0.149256
-1.56121
-1.06002
-0.517435
-2.2594
1.40613
2.35109
1.78295
2.8174
-3.10231
4.01571
-1.21951
-1.2231
6.66801
-3.27747
5.05537
2.56596
3.0731
3.86004
3.18172
1.59385
2.21795
0.643192
5.14149
1.86433
-2.13674
0.391292
-1.64848
-1.89704
2.74981
1.2033
-3.68008
3.49989
4.2467
1.25914
1.91174
3.76882
1.59285
-2.28531
0.437847
-1.6453
2.47986
-3.50904
2.3289
-1.25762
9.62517
3.17086
4.25254
7.50997
0.894071
1.50705
2.63927
0.672794
5.47857
1.98946
0.924553
1.20142
1.61883
2.42945
1.13329
1.92096
-0.237978
-1.28422
1.03552
1.65771
-2.17914
3.11667
0.199552
-1.17345
0.549258
1.39569
2.13651
7.51869
4.03675
6.00546
-0.581356
2.35493
1.34285
-0.795393
-1.74364
-1.5722
0.33202
2.13241
1.96632
-1.59609
-3.31118
-0.891358
-3.80134
-0.924124
2.13709
1.22873
8.57268
2.51038
-0.348268
1.10768
-2.28155
4.24098
4.60581
4.59461
2.3697
1.85275
-3.0187
1.56739
-2.53598
-1.18896
4.48463
5.75182
0.882228
1.08426
4.78982
0.400768
5.19888
3.96647
0.465626
0.943189
-1.90387
3.1539
-0.311575
5.20836
4.80881
8.54172
1.60277
2.1431
3.22445
-2.76345
-0.651367
2.64488
1.24642
6.8684
0.957548
2.68818
4.43893
6.12799
3.58191
1.01168
1.32343
-1.04066
3.82122
2.48305
-2.4872
-0.992502
6.00227
3.65696
-3.04787
-1.39151
5.67742
3.84016
2.90262
2.45218
3.61677
6.1774
-0.892928
-2.6873
2.75473
-2.33155
-2.5809
1.85669
-2.11259
-3.13692
1.9492
1.04971
-2.43018
-1.36951
-2.51556
5.92929
4.80341
-2.61643
-0.0397408
2.98285
7.62581
3.10401
2.57547
7.09412
-2.33484
-2.40872
-2.5887
-1.46921
5.26063
5.5744
1.07383
-0.4473
-2.97162
-0.516028
-3.46782
3.67535
5.97429
3.23288
1.06694
4.72618
4.80502
3.11548
6.80306
-2.40108
0.778244
-3.9085
-1.04973
1.03921
-1.9864
-1.95973
-1.86306
-1.78244
-0.857626
3.66279
8.49811
1.75597
-2.15669
1.69345
3.27184
1.84295
-1.83796
-3.52938
-2.66528
3.72951
1.24773
-2.1543
-2.43177
5.45942
5.10918
1.45002
2.03053
5.91381
-2.62151
-2.35638
-2.20511
6.09813
3.88205
2.13652
3.96633
-3.12847
3.04492
4.19659
5.80721
0.307854
6.8499
3.54405
-1.92906
-3.38262
5.12745
-2.00119
5.90083
6.12302
3.53204
3.03235
-2.09501
-3.31465
0.810697
4.72129
1.72805
1.98755
2.23289
-1.85065
3.04369
-0.620375
4.33697
4.73359
1.87162
5.82841
5.03702
6.66423
-1.83782
-2.27836
7.71805
-3.62204
2.55634
7.76293
7.66936
-3.30901
-2.53981
4.88701
-1.24789
-0.46413
1.43372
3.9412
5.61305
8.9665
2.59412
7.6231
-3.84093
3.24363
3.51483
2.07257
2.51319
5.5718
3.78277
6.04009
4.78388
-2.07415
-1.18641
5.71896
2.34819
3.31979
-2.68807
2.07146
7.47296
-0.314525
-4.36926
1.71695
2.17966
0.474136
-2.85208
6.65923
0.917175
-2.68425
-1.97245
3.49807
-4.15448
6.60177
3.14272
0.825282
2.05262
3.9024
-2.43147
-1.5864
1.26652
-2.66373
-1.93505
1.55779
-2.67181
5.42401
-2.08947
-3.23567
4.7598
3.72252
4.17393
3.94356
4.558
3.91699
6.73255
-0.513667
3.27106
-3.30147
-0.958276
4.51466
-0.865703
-2.15762
0.64304
-2.55318
-3.48309
3.1786
3.14402
3.325
3.29161
3.57726
-2.1362
2.77675
-3.96856
5.60768
-3.64691
2.11052
0.788633
4.69316
5.09389
-1.08612
-2.80678
-0.425252
1.70884
1.89633
3.70126
7.19898
-2.6376
4.08664
-0.202554
4.906
2.63119
2.80338
6.36441
2.98437
4.72233
5.8036
-1.5615
-2.43221
-0.862418
1.4846
2.21909
2.89517
4.50237
7.98549
-3.35212
-1.37361
3.20016
-0.282889
0.258836
0.0593938
-2.66773
4.3533
2.05082
-2.97318
3.97138
7.69556
-3.47387
-3.21328
3.97179
-1.4991
-3.94102
1.0047
4.36682
3.65567
4.82364
4.97801
4.59263
2.85274
2.60249
6.132
-3.536
10.1205
-1.29335
4.21401
3.83315
-3.31674
-2.20004
2.12676
-3.46635
4.58749
3.86942
6.50322
-0.00664355
-2.23497
4.34293
1.13959
5.31335
-1.76434
-1.93584
-3.17285
-0.589572
-2.33802
8.61489
-2.46459
11.394
-1.31409
-2.65702
-4.30112
3.86543
-2.26178
4.40213
6.03414
0.0526279
2.94509
-2.67106
3.52731
1.69565
-2.48692
3.68045
-0.343272
1.14793
1.01172
9.90323
14.8055
3.95033
-1.4983
14.0176
-3.09293
-3.17499
2.66587
5.79849
-3.20928
-1.33924
-4.4495
1.51867
-3.82009
-2.14638
-2.93675
-1.90451
1.89643
-2.08237
0.778029
5.4404
4.98184
4.72656
-1.17514
-2.64513
-1.94857
5.96631
-3.01238
-0.303789
-2.10274
6.48842
-1.4609
0.524519
11.0988
-2.41379
2.89808
4.77284
-1.97191
-3.26677
-1.89447
-0.69869
-2.91568
4.26899
5.6592
3.45582
-0.53503
-2.81511
-2.57161
2.92301
-3.49789
3.21795
-3.55842
-2.91024
0.890923
-2.80264
2.03727
-2.9606
-2.67596
-2.64729
-2.95834
4.05924
2.22553
11.616
1.63189
2.58072
2.74497
-1.78922
7.01995
-2.96362
0.306536
-1.60029
-1.7417
1.84064
1.16639
1.0184
-2.65477
3.25035
1.46781
-2.29746
2.55504
3.06921
7.4431
10.4073
3.9023
-2.46179
7.7155
-1.50618
3.36828
-2.56888
-0.38419
4.80938
-2.94288
1.37283
3.24492
9.63663
7.38421
3.23249
-2.17786
-2.35055
-1.01552
-2.35131
-2.56411
3.05345
-0.197831
0.986685
-3.16592
2.83459
-1.55435
1.83868
-2.48589
0.596655
1.681
3.19896
-2.24512
5.91151
0.991906
-2.37282
1.77771
-2.66732
1.43553
3.74891
9.26929
5.88863
6.21359
-2.92452
-3.22662
7.22814
6.14787
5.16596
3.69686
-0.234579
-2.20543
3.39248
-2.40605
0.619243
-1.70286
-1.88509
2.15061
-0.81679
4.17125
-2.53011
5.39267
-0.806868
-2.06984
2.23734
4.02146
5.97704
-1.74329
-3.8443
2.41777
-2.65064
4.89837
4.68344
-1.77615
1.76069
2.42177
3.838
2.87898
2.15639
-0.995122
-1.22319
1.33687
3.47453
-1.77617
-0.194472
-1.0016
-1.78793
0.325131
8.00268
-0.483836
-2.98884
-2.40709
3.47605
2.45406
-0.734417
-3.32837
4.67459
-2.93689
-0.513009
-2.15046
-0.660347
2.85895
3.67737
5.37911
-2.87004
-2.36156
-2.17851
-2.88897
-1.78759
-3.59008
-1.24176
4.43883
-1.37698
4.90668
5.98962
3.34263
3.77541
0.799451
3.70307
-2.51339
2.92831
-3.23219
7.76298
-2.60297
4.54312
-1.80066
6.65064
0.374153
6.14119
3.55332
-0.755929
15.3899
-2.87386
8.95285
-4.1001
-0.316905
13.9168
3.42003
-3.14012
6.65384
8.75468
6.86945
-2.2488
5.29107
-1.84778
0.58744
-3.05706
-4.20584
2.6953
-2.72532
-2.97178
-2.78735
-4.20104
3.66932
-0.0881413
4.24944
-3.31913
3.21855
-2.80671
-3.1373
1.14431
4.90352
-3.56646
-2.94136
-3.22384
-3.20898
1.91992
-2.36394
-1.18742
-2.95613
-3.5323
-1.41704
-1.25554
-2.79773
2.60748
-2.90069
-1.00992
-1.89867
1.0985
-3.13258
-1.44169
-2.8888
-1.13447
4.90448
-0.843622
-2.58205
-4.12784
1.51685
-1.3574
-3.4953
-2.2193
10.7346
1.82176
3.11177
-0.104394
2.38023
7.31469
-1.40216
3.3318
-2.80135
-2.9986
-2.86087
-1.54557
6.09158
-2.20647
-2.50424
5.23627
-1.45613
-1.28153
0.295385
4.33554
-1.75399
-2.13072
-1.63772
7.62511
-2.71575
-2.4531
-1.11286
6.14273
-2.39341
11.3877
-3.48533
-4.003
-3.459
-2.1991
-2.91921
2.28496
3.06002
-2.43124
12.7064
-3.53046
-3.2663
4.48631
-3.14716
-4.17077
-3.42805
-2.69686
-2.04908
-0.547913
-3.05901
-2.61587
-0.718011
-2.36897
1.77419
-2.44857
5.55065
-2.84074
19.0089
1.84447
0.618885
1.03216
2.52021
-0.0138209
-2.38852
2.70476
1.6487
1.01873
3.88747
1.44438
8.42245
2.02682
-2.1518
0.467066
-2.854
4.84742
2.16373
3.58109
-2.47665
2.66545
1.02415
-2.24641
-2.95801
9.10989
3.90652
-2.42164
-3.53235
-2.44014
3.96566
-1.77397
1.68282
-1.01272
-3.2959
10.7182
1.5247
2.47196
6.67559
-1.82687
-4.36048
7.60186
-2.92192
1.49058
8.34686
5.94229
-3.18322
7.73978
-2.65807
7.8847
-2.45021
6.56274
-2.76207
4.60542
1.77621
-3.0187
-2.57991
-0.566082
1.25074
4.08851
4.36965
-2.35451
2.34275
-2.55297
0.794437
4.97845
2.7782
-2.73117
2.10376
-2.10472
0.163147
-3.75333
-3.49263
6.30321
-2.7506
2.95522
-3.46701
-0.353222
-2.22516
2.3892
2.116
1.91776
7.82655
-2.77279
2.62432
2.74311
-2.48887
1.5821
-1.93914
1.45442
-3.41349
-3.01507
4.51261
4.00392
0.782761
2.5522
4.00122
6.07939
-0.878624
-0.363946
1.5563
1.94631
-0.438125
-2.46461
-0.499767
-4.00649
3.03194
2.76426
-1.79167
5.1573
3.20613
5.43742
1.32674
-2.28923
-0.935348
6.23513
-3.24691
-2.36029
6.90324
-3.61522
6.96548
0.0672132
7.62535
1.75228
5.5812
4.58429
-2.05699
-1.90219
-3.20827
1.7421
-0.499225
-2.76501
2.29053
-2.37499
0.69677
-3.39378
4.55643
2.32656
5.43094
-2.52456
3.74057
-0.569977
-2.54312
-3.82741
-3.70725
7.18028
-1.26696
-2.1772
3.35107
-2.07845
-1.3323
7.02886
6.57937
-4.00268
-3.06006
-2.49713
4.80829
4.46208
0.634337
5.22849
0.75963
-2.93889
6.52966
-1.94847
-2.87372
4.21506
-2.4744
3.08684
3.20505
3.66392
-1.64007
-1.90925
-1.95703
1.9846
-2.14593
-0.919365
4.97782
7.8592
1.37987
5.92849
6.02806
-2.38199
-1.34434
-2.09608
0.0550109
3.98886
-2.66617
1.80982
-1.91888
-4.35219
0.989552
1.40073
1.59845
-3.06635
-2.87989
1.56516
6.4332
2.4945
2.02217
-3.02566
-5.18817
-3.28062
4.57686
-2.25226
-3.7281
-0.49286
4.16974
-3.97348
-2.45284
-0.358118
0.371723
8.41257
-0.232268
-2.3817
9.04959
-0.0258755
-3.29562
7.72429
-4.84218
-1.88541
-2.06181
-2.82228
-2.8848
5.66967
0.099193
6.73317
8.60517
-0.659134
-2.40642
-3.59967
-2.31204
4.31657
4.82827
5.0183
-2.40441
2.1146
-2.57878
6.55619
2.54652
-3.49904
3.58863
5.51349
4.71477
-2.01188
-1.3809
-0.747159
3.75321
-0.720025
0.85197
6.92445
3.23135
-2.4688
-1.83362
-3.2653
-0.00647678
-2.63909
2.59825
1.97091
-1.87999
7.35086
-3.07835
2.18871
-3.99019
4.41008
-3.0354
0.170972
-1.27314
-3.962
-1.6219
-2.78107
4.45312
-2.47904
5.26661
4.37188
-2.99896
-2.03507
2.41471
3.28353
-3.5869
-3.15364
-1.50116
-0.769421
-1.13944
6.44722
-4.51222
-1.29437
5.17119
-3.84166
3.19551
-1.10197
-1.82197
-1.52799
-2.67938
-2.41403
-2.20773
-1.64566
-0.78249
-3.35882
-3.0943
-1.58556
5.74961
0.128602
0.765317
-3.04946
-4.72704
-3.30598
-2.36659
-3.21607
-3.25334
-0.0979245
-2.85971
-0.527645
-3.03347
0.553025
5.45265
1.11937
-1.52908
5.68633
5.38243
-0.899509
-1.74002
-3.08095
-1.23155
10.0207
-1.3249
-2.40599
1.40956
-1.72635
9.46476
-2.46948
10.12
-1.83158
-2.70561
3.9233
12.1199
-3.26915
5.46553
0.920509
-3.55109
8.07624
-3.74968
0.687412
-1.83342
4.28101
2.01743
5.71273
-2.19493
-4.39832
-2.67954
-1.85058
4.42212
-2.66849
4.4867
3.67229
-3.28495
5.78194
-2.35069
-4.33688
-1.89004
9.63712
-2.89492
-3.16661
1.92521
-2.6375
4.67483
0.270464
-2.92277
0.834433
2.66248
-2.87243
5.65086
0.685682
-2.35134
-1.04152
-4.87101
-2.3602
-3.46998
-0.72282
2.4927
3.22212
-3.51507
5.50019
4.18604
1.17283
5.34759
4.51146
3.39545
2.36972
1.88194
-2.3187
10.8839
-2.03139
-3.44168
-1.82334
0.565458
-3.04725
-2.47498
1.42952
-3.26302
4.12278
-2.04137
4.09096
5.41314
-1.84364
4.97778
-2.69758
-4.50835
-4.47016
-2.77737
3.3166
-3.18802
4.84391
-3.90608
3.47505
5.39947
-2.73114
1.11744
-1.01126
-2.13728
-1.58324
-2.6406
0.921907
-3.61918
-1.46942
5.20696
-2.21661
10.4726
2.73236
4.02526
2.96711
-3.94865
-1.93029
3.83048
3.67183
4.13312
7.29204
7.11385
6.42845
3.23374
-1.46682
-2.88218
-3.67974
4.12163
-2.5406
2.13717
6.23333
-2.98255
-1.40627
-3.03938
-2.99312
2.52144
-3.04367
-1.29108
-2.24249
-2.29207
-1.7453
-0.912742
1.86488
-3.60223
2.05098
-3.42749
-3.1728
3.97263
-1.2882
6.00137
6.28838
2.16355
-3.49356
-3.13003
-3.99831
-2.05048
-2.95036
9.2707
6.23758
4.24891
3.75192
-3.56929
4.74766
-1.8802
-2.73044
4.63859
-3.92732
5.92513
6.57028
-2.43251
-2.32304
-2.0782
-2.00895
-3.10356
6.69143
-0.516183
0.963347
3.0047
-2.09715
6.13102
6.32595
6.12513
6.79814
-2.77026
-3.03261
2.39086
-2.51795
-3.40984
-2.63597
-1.39357
-2.04757
-0.139793
-2.30785
3.03702
-2.82366
-3.44026
-1.47277
0.230648
-2.81231
1.36306
0.609548
-3.56755
-2.79614
-2.17748
0.449174
-0.992097
-2.83156
6.75071
2.29516
-1.2179
8.02175
-2.20478
-1.99636
-3.85937
3.83709
-2.56813
-2.83645
-2.60173
-3.30528
-4.13611
-2.21033
-2.90031
2.5382
8.1202
3.54852
-0.0544935
-3.03585
-3.69692
0.928335
3.76692
1.87247
-1.77866
-0.136921
4.52086
3.62581
-2.31732
0.967987
-1.81637
-1.3843
-3.09422
-2.56447
12.4821
4.49028
-2.6382
-1.58868
4.36204
3.64019
3.83585
-3.50915
-2.55784
0.00678853
3.21843
-2.56493
-2.39492
-2.34233
-4.01582
1.63183
-2.43443
-3.00302
0.828325
-1.9839
-1.81751
-1.90553
-1.94687
-0.249822
-1.42459
-2.74962
-0.380543
5.62569
3.70358
-1.3727
0.30907
-0.903262
-3.93479
3.52929
-1.59777
-1.7977
-3.2971
-1.89948
0.248913
-2.794
2.50225
-2.71597
-2.48338
-2.63237
3.05979
-1.17311
-2.24417
-0.716352
-1.58032
0.575208
-3.42056
6.78644
2.82796
-2.35651
-0.638306
-3.50108
-2.28093
2.34818
-3.72192
0.852828
-3.22977
-2.74092
-3.14241
-2.41284
-2.93774
1.09587
2.67869
-1.01131
-2.85512
-1.74962
7.86778
2.70979
1.71713
5.12241
-5.2324
-2.43141
-3.23356
-3.65724
-3.16651
-2.92544
2.16732
-4.08895
-2.69189
-2.91263
-2.12033
1.14672
-3.2469
3.88768
7.19116
1.66479
-3.38371
7.88836
-2.64685
0.825399
-1.27638
2.56095
-0.783855
-2.53832
4.13662
-1.03797
-2.77484
3.08703
-4.14961
-2.646
-2.90392
-2.83536
-2.66251
2.40578
2.67335
-2.71586
1.97956
-3.94989
-2.2663
3.2061
-3.75765
-2.553
-2.58529
-4.02486
1.95618
-3.19003
2.50934
-1.56742
5.26859
4.97835
-2.64273
-2.74093
-0.751524
-2.46798
2.61062
5.41238
-4.08111
-3.65531
-2.51461
-3.92105
-2.93702
1.61631
5.3127
-0.716644
-2.98595
-3.01083
-3.34571
-2.46633
-1.14931
2.14352
3.59491
3.65453
3.32519
-3.4216
-3.12755
0.107791
3.6755
4.71546
-2.91375
-1.58448
1.35883
0.698111
5.91542
5.45509
-1.96045
2.01804
2.97342
-2.43793
-0.784008
7.21406
-1.92788
-2.57898
5.87322
-2.56449
-2.13167
-2.87791
-2.53558
7.33221
7.92281
-3.30967
-1.86957
-0.0593483
-2.98762
3.57267
3.58199
0.223372
-3.17172
-1.54442
-3.81041
-3.08197
-2.4036
3.8761
-0.569821
2.69038
0.437638
0.879141
-1.36188
-2.43169
-3.44696
1.13307
-1.43776
-1.91416
1.77406
-2.84796
-2.27048
6.41613
-2.06362
-2.67143
-2.19269
5.36738
3.50681
-2.74415
-3.37095
-2.33238
-3.06658
1.51837
-2.8143
7.88639
-1.43326
-2.90146
1.92886
-3.30178
-3.16685
-4.12088
-4.08322
-2.01004
-1.12883
7.98824
-0.436143
-2.11206
5.60851
-1.83161
-3.15424
-3.71969
-3.3989
5.85818
4.55265
-0.598417
4.73028
-1.40237
-2.34586
-2.34598
3.72809
-2.34683
-3.0104
0.0680474
-1.50166
-3.87131
-2.52719
3.53598
-3.69009
11.913
-2.00549
-3.44239
8.56143
-0.878248
-2.80035
-3.01191
-2.16754
3.82524
-2.23768
5.31292
-1.77936
-2.97029
-0.724131
2.72594
-1.53406
5.94405
-2.34913
-2.91762
-2.1154
-1.65979
-1.01576
3.94383
-2.68963
-1.74589
7.10818
-2.72636
-4.42448
-2.3371
2.57743
-2.548
1.29309
-1.54607
-1.26902
-3.39315
-4.2668
-3.9789
-2.63366
-2.90547
-2.02405
-2.84407
-3.32653
5.17727
-1.08483
-3.12736
-1.94904
3.92607
5.93531
-1.41267
-1.38308
3.11096
6.41241
-1.55158
-1.64575
6.06506
-2.69959
4.92786
-2.12959
-2.52775
7.37479
-2.53379
-3.56119
-2.43137
-1.73042
-4.16818
4.84307
-2.09719
4.69949
-5.21929
-3.87224
-1.24341
-4.01613
-1.93726
-2.76361
-2.34402
3.09434
-2.91711
7.58863
2.41953
5.99923
0.850921
-2.83592
-3.33648
-4.04587
-3.23477
-1.77889
-2.91107
3.17797
12.0653
2.25588
-3.63686
-2.15285
5.84615
-1.10806
-2.84322
-1.72899
4.0246
1.72134
-3.71186
2.25408
-2.98042
-2.06003
-1.00995
4.36044
-2.62839
6.48906
0.576226
-1.84376
0.508053
-3.99981
-2.36994
-2.00627
-3.99244
-2.58508
2.12082
-3.38035
-2.70244
-2.02391
-2.56485
-3.10401
-2.10329
-3.34497
4.96188
-3.08283
2.57359
-3.63629
1.5379
-3.46165
-2.93333
4.74659
5.11519
10.1249
-1.45095
0.809323
5.04306
-3.93117
-4.0386
-3.71736
1.98999
4.99917
-3.0545
-1.71046
0.928548
-2.02959
-1.89698
1.11789
-2.43006
-2.78729
-1.54388
-1.29349
-0.558176
8.72813
3.61963
-4.33418
3.57485
7.31141
-1.67635
1.44914
-3.88106
-4.93074
6.28435
-3.27845
-1.30539
-0.175271
11.1605
4.43523
2.63904
2.03483
-2.88185
-2.3545
-2.88638
8.08061
-2.00663
2.37695
-2.307
-3.91073
-2.66399
6.8623
-3.24535
4.69644
-0.789905
-3.21209
-0.569302
-2.26841
-3.47704
-1.11956
-2.27106
7.82064
-0.724479
8.19402
-2.62578
-3.09841
-1.2114
-0.42937
-2.62418
-3.74032
-1.57843
-2.95633
7.09391
-1.92088
2.88545
0.166496
9.30937
0.543272
-2.70325
-2.92604
-1.30197
-1.59084
-2.30305
-2.58698
-2.29282
-3.92194
-2.62119
-3.51843
3.86698
1.91209
9.27369
6.14857
-2.3067
-2.75541
7.38299
7.93998
-1.9088
7.12875
7.4956
-2.7329
-2.66001
-1.1081
-4.43991
6.65646
0.733313
-2.64977
-2.94245
-0.776146
7.63821
-2.40496
4.15064
4.65341
5.30936
5.30498
3.14001
-2.55179
-1.55337
-2.11166
-3.04136
-2.54224
8.12593
-2.71076
-1.50009
-1.47359
-2.40187
2.0265
-2.74003
-2.40764
-4.27115
5.09765
-3.39555
-3.27415
-1.18699
11.1353
10.9186
-2.36257
2.89429
-2.4149
-3.58911
4.86537
-1.57891
-2.83634
-2.39142
-3.26008
-2.87837
-2.47212
-0.485644
-4.12641
-3.70433
-5.45012
-3.51817
5.12958
-4.21447
2.43356
-3.99614
-2.34539
4.56861
-2.23919
-2.79349
-1.70388
-0.653373
-2.32386
-3.49021
-3.15309
-2.47614
1.59268
0.674377
-2.277
-0.854683
-1.19708
9.17383
-4.02732
-3.99687
-1.42584
-1.61677
-3.18411
-2.17071
-1.60895
-4.15066
-5.42615
-2.11995
-1.94406
-1.18704
-1.11888
-0.0915718
-2.83783
-3.89653
-4.67684
-0.972884
-1.56224
-1.66411
-3.375
-1.0266
-2.18278
-3.06292
-1.51825
-2.90419
1.46536
-3.20358
-1.81555
-1.0257
-3.15554
-3.88312
-2.98359
-2.82423
3.81462
-1.09643
4.57854
-3.80326
-3.60814
-0.839077
-2.9807
-1.86039
11.0356
5.1668
-3.17
-3.00768
3.30901
7.84252
-3.33223
4.32965
4.38649
-2.20925
4.12235
-1.6297
-2.90414
3.35037
-3.93439
2.90878
-2.95699
-1.85749
4.91184
-2.99946
1.54651
-2.7443
-1.24173
6.05487
11.5928
5.41807
3.24173
-2.85211
-4.28747
8.5545
-2.11754
-2.47408
5.83941
5.9745
5.84632
2.37954
1.87257
1.33148
-2.35657
-2.59566
-3.01068
-0.652191
0.28025
-3.42105
2.46762
1.44784
-2.55026
3.89753
-3.78664
5.10998
-2.92161
-3.36399
-2.58964
-0.30365
-2.79529
7.39642
-2.38637
-1.93028
-2.29747
6.68857
-3.61129
0.295102
1.51112
-2.47134
-1.75419
-2.31156
-3.53791
-3.37971
-2.46858
-1.91181
-1.05858
-2.13743
3.35711
-3.43635
-2.0899
-2.79589
6.77015
0.177334
5.08176
-3.23073
2.85524
0.200983
-1.45469
1.41015
-1.38052
6.99748
-3.38956
-3.37996
-2.22082
-2.80136
-2.88563
-3.39039
-3.25435
-1.86468
-1.36051
-1.06336
-3.36828
9.65629
0.275933
0.253618
-4.44686
-3.60554
-3.33228
0.400967
4.52142
-2.28355
0.352098
-3.23387
-0.372323
-5.68122
-1.93567
5.60173
-2.14983
-4.2733
3.38578
12.6191
1.71409
4.71411
4.83465
-1.8323
9.12515
-0.343984
6.58278
1.514
12.4807
11.4425
-1.33842
0.487355
-0.385787
5.85123
3.10907
-2.96756
0.373216
4.32299
-1.54324
-3.04213
-0.887691
-2.74889
-3.35519
-2.6637
-0.87859
-5.0128
-1.30619
-2.53882
4.08064
3.10508
-3.83946
-1.70165
8.12879
6.78158
2.84255
-2.63349
-3.52351
-2.71874
8.1806
-1.58971
-2.73754
-2.60114
-0.982989
-1.52394
4.81036
5.34051
2.97157
2.32123
0.369483
6.26907
7.02285
7.44797
-1.84447
-3.29335
7.16692
6.63004
-2.93725
-2.02187
-2.49649
-4.46216
-2.4911
-1.57419
-3.29811
-2.74413
-2.69076
