3.18786
-1.91986
2.82811
-1.3801
3.17029
2.994
-1.79965
6.62594
3.25756
-0.851199
3.8202
2.6475
0.578942
-5.24891
6.78814
-5.06364
5.11183
3.39589
5.99047
5.09684
-1.24726
-2.34779
-1.23065
2.63691
0.412211
-2.82573
-1.45418
0.14556
1.38432
0.603216
4.24504
-3.17982
4.02437
2.31359
4.22235
2.25837
5.18358
3.29702
2.36325
1.13485
-5.79755
4.02554
3.86588
2.1518
4.63789
5.69873
-4.36382
-2.98917
0.519888
0.411704
-5.92171
2.23688
-2.94877
12.7106
5.70448
3.72221
0.934518
5.94636
-3.59595
-2.76657
10.8913
0.690227
-3.00307
-0.400027
-2.6145
3.51726
-3.52056
1.00881
-3.79911
5.74899
3.63003
1.65657
-0.294804
0.521787
1.30493
-0.254151
-3.75571
1.47409
0.202737
-2.64112
-3.93792
4.07449
-1.26444
-5.86283
-4.77648
-2.09238
-3.71858
1.10614
2.81244
-3.58587
-1.27426
-1.97951
1.86375
3.16058
-3.98766
2.34011
-2.6251
-4.20474
-3.12057
-3.49824
-3.35359
-2.34201
-3.72039
2.743
3.35069
2.11192
6.51986
-3.12966
1.6206
4.64574
3.97898
2.4759
2.22808
2.5566
1.54817
1.62183
7.50702
1.20382
-3.18282
-3.84977
1.00209
3.45563
-3.88006
-4.27764
2.08793
2.09877
2.27649
1.70744
2.15984
2.87503
1.15528
-3.43352
5.01691
-2.1472
-4.33109
-3.21993
-3.01616
1.96406
-3.84429
-2.55122
-0.554401
1.95449
-5.15072
10.1883
3.40138
2.52315
-4.16821
-3.52851
1.31372
3.15405
-3.73436
0.721938
-4.57289
6.2096
2.24818
2.74106
2.90673
0.41648
3.29913
-0.456722
4.67932
-0.612221
2.25231
1.6922
-4.71958
1.88632
2.93432
1.64987
1.8008
1.87807
1.59692
4.07599
-1.94121
-1.51476
0.675385
-4.07176
-0.777863
-2.56701
-4.76293
0.882431
1.69667
-2.34492
1.43229
0.0533957
-1.56451
-0.11636
-4.02828
2.20845
-1.79617
-3.1412
-0.0851923
0.0347626
0.455263
-1.68497
-1.24795
0.906003
-1.41604
-0.396947
-0.144413
-1.6028
7.98619
5.40624
2.13911
-1.20753
0.363156
-2.12557
-0.214115
0.983846
-1.81426
-3.37299
6.69847
-3.02434
0.207585
-0.469451
-2.14514
-2.58777
-0.221
-2.68447
-2.50223
-1.56997
-0.786856
-1.61139
-1.52014
-0.77605
-0.664094
-1.00467
-1.66257
-0.257751
0.430639
-4.69243
2.04077
8.81986
-1.83967
4.29087
2.17008
0.256864
1.28599
-1.44858
2.33557
7.76026
-0.907388
2.35891
-3.33955
-2.81796
-1.37487
-2.30838
-1.44869
-2.42157
8.51464
-1.54696
-2.35124
-2.94967
-2.17043
-3.25213
-3.78232
1.41394
2.40864
1.93477
-4.74911
0.729735
-4.28566
-5.83864
-1.81724
2.17269
0.390289
-3.19123
-1.541
3.57966
-3.78137
3.62289
2.43649
-0.263938
5.8716
-4.18932
1.15034
-0.456243
-1.05621
-4.66961
4.03079
-1.82941
4.32676
3.59976
0.950409
6.56666
-3.30135
-3.01362
3.38836
-3.17876
-0.155534
3.58219
3.58735
6.19723
-6.7773
1.58468
1.1907
3.63312
3.53144
0.712519
-4.08169
-4.69457
5.52724
-0.474446
3.53006
2.80646
-0.588318
-2.10265
5.18261
-1.83944
2.44213
0.250845
2.55099
4.10399
5.78906
-4.98766
1.60114
-3.63465
5.82536
-1.72553
-3.27612
-0.214179
5.51013
-5.42414
3.58602
3.25159
5.67149
-3.01924
-6.28483
0.439672
2.16316
-5.22469
-4.31935
3.88545
5.85359
8.02133
-1.20092
-4.0019
-2.67974
-3.34573
-4.54076
-2.66993
-3.69124
-1.85835
-1.26186
-4.41298
-1.83141
-3.79812
-1.70878
3.14676
-1.2774
-1.02804
-4.12211
-1.33007
-2.59587
-5.30769
-6.28046
-3.22827
3.31309
-2.76233
5.68842
1.80336
-1.17855
-4.10965
-4.11046
-3.58335
-4.24729
3.70007
-2.55954
-2.6119
0.218035
-0.249959
1.10356
1.97306
-2.28409
-3.35343
5.30456
1.87177
-2.8835
0.630293
-2.98968
4.51644
-3.30166
3.61495
-2.7146
2.66202
-0.681573
0.256253
-2.57463
-0.669065
3.03656
0.0880158
-2.68153
1.61651
-2.46048
-4.94262
-3.37711
-4.08286
-0.446193
-0.868964
-2.99946
-4.41399
-0.630849
4.89767
0.910102
-3.75639
1.82125
1.77737
1.80955
1.7207
0.905365
2.56593
4.36953
5.36962
6.41595
6.35724
5.78476
3.81966
0.229446
2.76736
1.8625
-4.42596
6.90331
-4.13133
0.780537
1.86241
-3.85555
4.94178
2.24307
-4.64033
0.275026
1.0868
-0.490443
1.34658
-1.3396
-5.81634
-1.56848
-1.77656
-2.69901
2.84342
-2.02514
-3.54902
-3.88307
1.73375
-2.55303
3.27053
-2.37049
0.778068
2.92049
2.76857
6.53986
7.70083
2.07287
4.68249
6.71537
-2.7158
12.267
-4.28738
-4.58386
-1.88452
1.42832
-5.55812
-1.47037
-5.65958
6.10495
-2.59511
3.21202
-3.15518
-2.64403
4.60068
-1.97904
-1.38019
-2.1421
-1.7101
-2.52509
-1.75167
-3.835
1.51015
2.90728
2.99425
-3.06116
7.67705
-2.44623
-2.17898
1.11781
1.04115
-4.11096
-3.88772
-3.29202
0.889229
-6.53019
-2.35685
2.56284
1.33304
-4.37493
-3.44267
-1.07712
0.0846994
-4.6785
1.23569
2.03591
1.08239
-3.97558
3.47743
5.30158
1.08552
4.67657
-3.54809
9.38736
-3.48487
7.82042
-3.87678
5.98593
-0.147322
0.259301
-1.18787
3.75117
0.22013
-2.8995
-3.77095
-4.39343
4.04355
-3.85213
0.689509
-4.43194
-4.90386
5.11321
2.17017
5.31663
4.90002
7.47538
-3.96301
6.79428
-4.12348
-2.91606
5.21247
-1.05274
-1.67142
3.29275
-4.48921
4.79799
1.45956
-6.57244
-1.93393
-2.96256
2.65052
-4.43251
3.67186
4.85044
0.980185
-1.28768
-4.75087
-2.65033
-4.35697
-2.54104
3.51947
-4.78886
5.40154
5.3698
0.260646
1.65601
1.81293
2.26279
1.49481
2.7145
3.75862
6.27232
-3.26599
-5.36201
7.78644
3.42844
13.0026
3.21738
-1.67632
-3.7045
3.71819
5.69573
-0.794832
-2.97308
2.58336
7.0398
3.5791
-5.38521
3.22214
-5.58474
4.47315
0.0578629
3.25651
3.23885
-5.43327
-4.32354
7.61716
2.75701
2.18163
-3.44084
5.0059
0.547613
8.05948
-0.464388
6.79324
-1.30593
-2.30613
-2.57332
-4.44449
0.82619
1.27474
8.11556
-2.10361
-3.0234
7.79622
7.03156
-3.76733
2.00801
5.42518
10.718
6.31313
7.46499
0.776514
3.83457
-3.74398
-2.05564
2.28859
7.66392
-3.28411
5.55801
-4.51525
2.92735
4.36052
-2.84595
4.52583
1.78314
0.171998
2.4611
-4.7931
3.69397
-2.48419
-4.92448
-3.57114
4.21796
7.8735
7.88955
3.84826
-0.423174
-3.23127
-5.12147
6.87612
-4.09939
-1.39197
-2.92353
7.33323
-3.72701
-4.13929
0.944782
-4.46917
0.887035
-4.68183
2.42643
6.8606
-3.30783
-0.850245
1.25179
-3.80571
3.27346
3.12187
-3.22423
-2.35078
-0.725777
-1.64871
-4.38966
-4.53572
-1.72089
1.80393
-4.54132
2.30298
-4.7234
-3.91378
1.04242
-0.400155
-4.26417
0.972756
-2.20046
6.55695
2.71069
-4.33745
1.12613
1.7775
2.19121
-4.66042
7.68494
3.29976
-5.28477
1.98532
7.01617
-4.02563
-3.94408
1.47593
-5.51972
-3.29122
-3.38243
-2.54576
-1.54419
-3.70764
-6.34344
2.53819
1.91681
6.28215
2.5748
3.14684
3.18695
5.28956
4.33011
-5.55369
-1.4562
-2.54409
2.99305
-0.850155
-4.06695
3.07177
-4.23811
-0.135419
-2.80152
1.06029
3.76176
-4.83799
5.30861
1.43106
-5.48242
-2.17843
-3.1429
2.07776
2.36159
3.10273
0.741351
-0.95517
4.32338
-2.86228
-2.13959
-0.366576
3.54636
2.9404
-3.95681
2.30439
0.607179
-2.80538
3.51538
2.80703
-3.82454
-2.55527
3.41261
2.45233
-4.11903
6.44723
6.5088
-5.11412
-1.40905
-4.61209
-1.57263
4.23824
-5.81673
4.35037
-1.51813
-1.74933
4.26389
2.70639
2.37357
3.6581
5.48716
2.16272
-1.73236
3.82335
-4.19953
1.33325
-1.76946
-4.50337
-3.50574
-1.76703
-2.8844
1.90161
2.01008
2.50415
1.64487
-4.29583
-2.71146
-0.419454
4.23675
-2.45558
4.78308
-4.19805
-2.93931
3.64233
-4.00645
-2.55405
2.60559
-2.35506
-3.65555
2.56216
-0.128999
2.87148
2.55799
2.12452
0.582635
-6.28708
7.85635
-2.65984
8.23712
-0.830107
-2.0415
-4.21233
-4.38087
-4.03527
-4.24231
-2.99252
0.457421
-1.31331
-4.02121
5.59551
7.64603
-1.75184
-7.01972
-0.675551
-2.47615
1.82917
-0.334842
2.98999
2.3081
0.858391
-2.10147
4.59707
4.92626
2.89747
1.36383
3.31966
5.4522
0.36575
-0.375741
5.12575
2.31466
-3.51282
0.0782073
4.99755
8.17712
-5.01866
6.85358
8.19632
-1.27284
-1.63722
1.46628
-1.97144
3.19598
-5.56477
4.68584
-4.51694
2.60452
1.93276
1.63059
3.49423
-3.64537
3.23131
-2.19601
3.52158
-6.40567
5.38467
-0.909596
0.535135
7.11011
6.91097
3.49237
-0.180881
-2.43711
-2.67645
-2.18779
-3.05487
4.75883
-2.43776
-1.27195
-2.78002
-4.27839
-3.33563
5.7646
-3.19313
5.47022
-4.91131
7.70276
-1.53211
6.99296
-2.89251
-2.5794
-2.65205
-1.83533
-0.678695
-3.20648
2.17147
3.18197
0.965518
-2.45237
-3.81745
-4.25131
5.20671
-0.897083
0.144734
-1.61232
16.9042
9.07
-2.56427
-3.10153
-1.88709
5.8288
2.71608
16.0232
1.79131
1.06885
-3.68702
-2.63393
4.45258
1.82653
1.62957
3.65726
-3.30112
-2.62897
1.23813
-3.43942
10.9645
14.8622
-0.4688
2.37866
-1.74717
4.54337
0.385257
-3.15742
2.16481
3.4056
-1.26386
-6.09604
-2.77267
-6.64494
5.68997
-2.66164
-1.03818
-3.31528
10.6411
-1.18306
-1.17013
-1.23654
-5.85348
-2.65582
-4.109
-0.271335
0.95453
-4.77565
-4.26233
2.76352
-1.77074
-0.641546
-5.42195
-3.61876
-3.29434
3.14433
-5.26269
7.9056
0.355524
2.90357
5.90949
4.56435
3.41547
3.64022
3.66869
-4.07125
1.8531
9.50653
-3.53345
-4.9337
5.63616
1.97206
-0.902044
-3.84576
-3.02687
-4.67666
4.8916
2.64579
-4.64343
6.37274
-1.61731
-3.8028
3.77478
-1.36864
-3.29204
-2.4401
-3.39689
-2.43612
-3.71395
2.56405
-1.97747
10.8506
6.42643
3.87379
-2.29526
-4.71788
-3.19182
-2.17761
-2.85776
4.55036
4.17596
-3.96831
-4.91191
4.44014
-4.5503
-4.52891
4.84613
3.65316
-3.44572
4.87315
0.697628
-1.79033
1.51299
-1.80864
1.38575
3.93748
4.65787
-2.50665
1.97954
8.25846
3.43795
-4.83574
3.74116
-2.7165
8.04432
-4.18904
5.01768
3.75553
2.35243
8.9298
-4.02528
-2.15781
5.30095
-2.2918
1.46095
-0.733357
1.48588
-1.80409
-1.46415
-4.06263
-2.91688
-5.50296
1.57991
-3.394
-4.55368
3.34632
-4.37236
0.155749
-1.06837
-2.62411
-3.63538
1.99174
-1.19355
-3.45494
5.43035
-4.15415
-4.95076
-0.687905
-3.91959
0.592205
-0.663024
4.53745
0.153024
2.7894
1.89453
7.94271
-2.46027
6.47151
-4.48582
3.50532
3.97594
-2.3845
10.4575
2.81858
3.81327
-3.33541
-3.18508
0.663967
-3.10919
8.03552
1.24733
-4.73219
1.70264
3.28254
-3.25061
-3.16714
-3.00859
-0.867846
-5.21566
-0.902861
0.605702
-2.03908
-2.61281
1.33378
1.86033
-0.933966
-0.337509
-4.78306
-1.53356
-1.95797
1.91795
3.41752
-2.65657
2.09504
-1.90083
5.89147
-1.1996
-1.65372
-5.15432
2.37153
8.76363
-2.04569
-1.28649
7.09101
5.45004
-2.3735
1.43858
11.0575
3.05795
8.23201
3.92636
-2.59365
-3.20101
-3.36596
1.08254
7.396
6.56937
5.73257
-4.0673
-4.25665
-1.36375
1.53189
-3.65788
-2.7895
-3.40751
3.32174
-2.49317
6.51708
-2.00556
7.7828
-3.58346
1.93931
-3.89229
-4.31052
-3.29595
-3.48401
-4.26617
-0.445756
0.550167
-5.05112
3.05835
-3.18688
-1.69313
-5.7958
3.17609
5.90979
1.42812
7.78058
2.36786
-5.71532
-2.11649
-3.61687
-4.21074
5.56577
3.90915
-3.18075
-4.02081
-2.52385
5.59218
-3.97774
-0.117312
2.06981
-2.24005
3.16791
-2.01328
2.82127
-3.39916
5.68954
-1.18066
-1.68035
-0.616108
2.07481
0.993676
-1.53035
-1.66633
0.795797
0.0300049
-5.6244
-1.19698
-4.21213
-4.05485
6.45257
-2.78051
-0.444758
4.86927
-3.60287
2.1396
3.42033
-3.69534
-2.78702
-1.90538
-5.47532
-2.04894
-4.10926
-1.96637
-1.67102
-5.49878
1.39766
-5.5957
4.55314
-2.4675
-3.36437
-5.42572
-2.50703
-2.89749
4.8525
-2.4263
1.83255
1.35732
4.095
-1.41205
5.28088
-3.75414
-1.18333
-2.45461
4.51801
-1.19812
-3.70463
-4.41854
-3.30012
-3.66956
-4.06179
-1.83916
-1.64062
0.916194
3.50605
2.05254
-2.38065
-2.53631
-5.75393
3.42323
5.56235
3.56946
4.2589
-3.21843
-3.86889
3.88686
-1.58691
-2.29742
-3.08591
-3.34006
-2.13985
-2.2582
4.65289
3.56177
-2.69884
-0.09212
0.0201084
-3.11448
4.71793
6.83209
6.72725
-3.68947
-2.60064
3.68072
0.813971
5.21967
7.93615
8.3371
-0.961088
-1.76597
-5.16649
-5.09597
-4.66656
6.31382
-2.74917
1.6489
-2.9637
6.84809
-2.37711
-0.51357
0.226415
4.15929
11.4202
-5.43672
-1.99323
-3.74106
2.57096
0.768421
2.55395
-3.17352
4.67231
-4.01372
-3.27887
-3.66704
11.9912
-4.03497
7.33835
10.7502
4.47229
-3.94819
-2.86743
5.1149
0.0515721
5.48224
4.67281
-2.89731
-2.64793
-0.536533
1.96408
-3.15781
-4.002
-1.68847
-2.88455
-1.60784
-4.17213
3.99986
-4.32088
-5.43061
-3.38394
-1.10925
-3.29184
5.4618
-5.37345
-4.66942
-5.13725
-2.85961
3.92696
-3.27722
0.0739872
7.5793
-4.68906
3.11607
2.27088
-1.78435
-2.02161
-3.47015
4.23266
-3.03813
-0.649797
-4.22399
-0.181348
-4.81339
-4.00329
-3.14853
-3.18388
-2.69831
-3.74445
-4.43315
-3.89251
-3.30036
-4.84596
-3.42517
-5.42784
5.99892
-2.1094
0.551369
-2.25432
8.61855
3.01748
-3.766
-2.32361
-0.232824
-0.176504
-2.13988
-1.86687
-3.46122
-2.43609
-3.38452
9.28658
-0.25532
-2.74114
1.30009
-1.71229
-3.9888
-4.1385
-3.25539
-2.33096
4.4686
-1.57732
-2.02144
-1.40939
6.11484
-3.24465
-4.56483
-2.52168
3.92768
-1.51454
-2.44656
-1.7441
-6.22957
-3.5203
-2.93197
-4.48675
-2.63195
-4.69395
-5.43151
-4.19388
-1.09957
6.54488
-2.84837
-4.01784
-4.60042
-3.78047
-2.93956
-2.71405
-2.66707
-3.63405
-3.26637
4.62158
-0.290518
-6.73197
-4.57171
6.87477
-2.15393
-5.12818
-1.81996
5.44464
13.0048
-2.39107
-2.24416
-1.45816
3.0797
-3.11237
-1.84133
-3.03136
-4.17273
12.3562
0.0210739
-3.25985
-3.21319
4.89685
6.36126
-3.44803
-0.239173
-4.26028
2.99138
-3.37753
-2.49817
-0.922519
-3.4267
-2.84792
-2.42991
-3.49701
-0.946977
-4.5633
-2.9028
-2.5607
-4.589
-2.47599
-2.77306
-3.38525
-3.99778
-1.72459
-0.662304
-3.76244
4.92606
-3.83628
6.24749
-2.9851
-0.532777
-2.70156
-1.71387
-1.98514
0.485616
-1.44835
1.36145
-3.37122
-2.38092
-3.87185
-3.33314
-1.9099
-3.55287
-0.965868
-3.85805
3.10018
-2.35232
-0.0113879
3.05915
5.39893
-4.16603
18.4952
5.78268
2.30172
2.95657
4.43463
-4.27848
0.619413
-0.947987
0.703881
2.66842
-3.2287
1.53834
0.968148
-4.29643
2.40594
4.732
-3.70065
-0.0493091
12.5427
3.76948
2.80253
3.69993
-0.48131
-2.38997
-5.27468
6.91765
0.871045
-4.2257
3.66974
-4.02822
3.49358
-1.14456
-4.3804
1.62504
-2.35133
-4.92188
-3.06878
-2.12957
1.1843
-4.30365
-4.77199
-2.27253
4.46905
12.0121
1.22054
2.00152
1.81669
-0.804858
18.92
-4.19956
-2.60113
-3.15244
7.55878
6.9481
-3.54798
3.40793
-3.78458
7.08301
1.23382
-3.75419
-1.40153
7.72098
6.2182
-2.8528
5.64128
-3.01924
2.64085
-4.55293
5.26538
-3.91382
-5.52057
-3.65079
8.07508
-2.97844
1.55693
-3.22803
-2.91926
-3.28609
-4.59974
0.228558
0.587414
-3.06501
-3.40153
-3.04502
-2.9631
-3.78116
6.15939
-3.45028
-2.30984
-3.46848
3.32086
-1.23762
-2.88868
-3.41408
-2.3785
2.11869
3.73137
6.07015
-4.8196
0.217766
-2.93456
-4.79822
-2.87245
-3.23241
-4.2646
-2.5611
0.476411
-3.51833
2.90751
-2.20856
0.538402
9.78862
-2.68739
3.88702
-2.27164
-4.4151
2.81691
6.92963
-1.34512
4.60464
3.09946
3.5502
1.65049
2.05134
1.40043
-2.02165
3.9247
-2.17982
2.90652
-3.42146
-4.86195
4.42049
1.67122
-4.16414
-4.86847
-3.73618
1.9908
-3.98393
-3.83181
4.46752
-3.92326
-2.67312
-4.0473
-3.93708
-3.48883
0.756164
0.91937
5.16657
-3.30856
3.63997
5.14357
-3.14485
7.13875
-2.52026
2.91016
8.19228
-2.22252
3.35837
2.47058
-5.3882
-3.1169
-2.69033
10.1686
-2.21618
-6.78883
-4.53626
2.12023
3.36716
-3.20587
2.02924
5.122
1.11586
-2.45196
4.44549
-1.97872
-3.35181
7.93671
-2.29003
6.51394
-2.92248
3.50155
2.70071
-3.73756
0.299487
-7.06982
-2.41594
4.40757
-0.661014
-5.03325
-1.78441
-5.51449
6.0454
-3.05477
-1.17989
4.43141
-3.13845
-2.80005
-0.101556
-0.0708743
4.11122
4.86129
-2.63598
3.85464
4.41242
3.41338
-3.28784
-2.86496
-2.23371
-2.29056
6.83941
-4.0036
-3.81783
-4.16045
7.79596
0.594039
-2.47836
3.40118
-3.38723
0.49168
-3.77689
-4.91548
-0.917605
0.107785
-2.96033
-1.72827
-0.580742
3.89566
5.81821
3.88443
3.72582
-3.03591
-3.80207
-4.07161
-4.22366
-3.22689
-3.74021
-1.94384
-0.154425
-3.47692
-2.79646
-1.74108
-4.30755
3.58129
-3.05789
4.73156
-3.90916
-2.45369
-2.82192
1.13338
2.13132
2.09465
-2.03117
6.31232
5.99064
2.29554
-2.60391
-4.27295
6.9599
-3.82977
5.99924
2.92854
4.69556
-4.04304
-2.439
-2.28691
-3.1853
-2.35276
-5.27722
-3.68305
-6.0043
3.67441
-3.61334
-3.09193
-1.02677
-2.44913
-3.32352
-5.04864
3.3799
-2.62495
-4.81315
-2.78568
3.99138
-3.10903
-3.70423
-2.11292
-1.93331
-5.27153
-2.84269
-3.04274
5.48957
-2.52082
0.699799
-3.02076
1.83006
0.377772
-3.47942
-0.500676
-2.31545
6.91737
-4.31555
-4.81554
-0.804892
5.48947
-2.16681
-2.40138
0.92539
-2.10971
-4.04996
3.43466
-3.61791
3.96352
-2.9204
-3.52693
-2.3885
-2.60435
-2.27662
2.38202
-3.11918
-5.45316
2.54138
-2.18092
-3.28041
4.43232
-4.37735
-3.16623
0.913296
7.24009
0.898965
1.04605
-5.16095
-5.0859
-6.91022
5.54876
-4.01321
-1.45738
-4.05299
-3.69532
-5.32769
-2.30284
-2.62461
-2.74239
-2.77654
-2.70373
-3.60961
-4.57935
1.42366
-3.91784
4.48944
-4.89067
-1.82068
6.03316
-4.43113
7.47549
-1.3877
-4.07716
8.52555
-1.50598
-4.11293
0.454098
6.99477
-6.04252
-4.45636
-2.75953
-3.70059
-5.42691
-1.80468
-4.74537
-3.43151
-2.4032
-3.80281
-4.90555
-4.05058
7.33241
4.62851
-4.25869
-1.07865
4.85134
-5.83437
5.57372
-3.8712
-0.471015
2.44578
-4.31098
-1.88232
-2.9899
-4.96907
-1.04618
4.10234
3.81763
6.49559
6.01078
5.64331
-4.25417
6.25942
-4.17785
-0.380512
-2.62681
3.40157
3.22384
8.01887
4.00668
-3.81331
5.38145
-0.701324
-1.47609
6.61307
5.86281
-0.359583
0.763056
-5.07067
8.82143
-3.58774
4.26083
-3.98503
-2.24077
1.78847
-2.4525
-4.50856
4.20235
-3.58636
1.45091
-6.91391
-3.6513
-4.66722
-2.40983
-3.67045
-0.911061
-0.264582
-3.21353
-2.08928
0.298652
2.04337
5.7363
-4.30428
-1.64669
4.96787
4.08791
3.16115
-4.46208
3.29678
-5.18234
-4.45655
-2.72577
-3.04683
4.18052
1.35583
-5.02767
5.62792
2.96888
6.64613
-3.03738
2.29255
-4.23468
-3.11405
4.84158
-3.20701
-3.29502
-2.1682
5.9912
-0.622508
-3.69008
-1.88686
-0.411211
-2.87007
-0.205213
-4.1531
-4.82317
-0.37918
-0.705556
-0.892809
5.66502
-1.71134
-2.35921
-2.21671
-3.59452
-3.72789
-3.11977
-5.04557
-0.511987
-1.87277
-0.88932
-5.64233
-4.12212
-1.69136
-3.72401
-4.47912
2.90056
-1.96568
-3.43333
-0.251471
-3.21965
-4.81666
-1.94832
0.183943
6.0387
1.23622
1.01553
-3.89833
-4.86379
7.10397
-0.237019
-4.88671
0.442732
6.09918
4.96592
-2.30527
-4.43281
-3.58291
8.87119
-5.00427
-4.35297
-2.96762
-2.48757
1.55422
-3.51653
-1.52997
0.502039
-1.33329
-2.39232
11.5038
-4.47524
-4.00207
-3.66461
-4.21723
12.3465
-0.0249041
7.98269
4.73344
1.68848
-1.08568
0.246955
13.3339
6.79796
-3.83524
-2.4418
-4.18022
-4.59069
4.1999
5.73386
2.17457
3.15817
-1.0657
0.729029
2.65831
-3.50132
1.99063
-1.93024
-4.93935
-3.68676
-3.72305
-2.86749
-2.1823
2.17481
4.00594
-2.87051
-3.52744
-3.99139
-3.85287
-4.16576
-2.724
1.05947
-2.38228
5.66601
-6.18475
-4.34205
2.83884
-5.26804
-3.84897
-2.36326
-4.24061
8.0036
-1.47977
3.73828
0.757311
1.73368
2.36249
-5.90058
5.75637
-2.42513
5.25209
1.87714
-3.13434
4.09381
-2.84781
-4.19168
4.99038
-3.40473
3.59645
-3.31237
-2.85143
-4.65697
-4.04361
2.93683
3.51465
-1.74602
-2.92461
-3.04045
6.66053
-5.72541
-3.6608
-2.8522
-6.53183
-3.31372
-4.07472
-3.85156
9.29246
3.92326
4.99323
-3.59081
0.617245
-2.64995
-5.53762
-2.57825
-4.49969
6.22694
-2.25461
-2.09561
3.98982
4.82694
-2.50587
7.33848
-2.03378
-3.34335
-4.33828
-3.65002
-1.63238
-4.34668
6.41624
-2.15522
-3.79802
-3.09552
-4.01048
-3.29959
-2.44977
-4.887
-1.47372
-1.19333
5.10833
2.56165
-4.94133
-2.66692
-2.34465
-0.919151
0.149798
-3.53274
-4.65859
-2.67527
-3.02446
-0.496342
-4.18934
2.51771
-4.1049
-3.5316
-2.73665
-1.56963
5.2551
-0.820114
-4.80876
-0.709719
-1.94382
-5.52596
0.896222
-3.06644
-2.17564
7.56819
3.40037
-2.1793
5.07926
6.62754
3.00584
-2.90549
-3.21442
-2.00422
-1.36308
-3.36402
-0.792043
2.55255
7.8799
-4.53553
-4.95622
-3.09844
2.69452
7.58155
-3.43534
-2.88698
0.867616
-4.20937
3.34678
-0.804923
-5.56828
-3.62488
3.46314
-2.70521
-3.75342
0.845802
-3.04893
7.45827
-2.48253
3.68306
-3.19174
0.844774
-3.94598
-5.12242
-2.05261
-6.41955
3.31028
2.48507
-4.10895
4.16965
-4.49434
-1.10071
1.82568
-3.07009
-0.708106
3.30324
-4.49522
-2.34225
-1.40391
-3.60707
-3.5166
-3.66346
-6.02008
-2.29322
-4.03367
6.19925
-3.9863
-4.25059
8.54893
6.20419
-3.6011
-4.76991
-4.4379
-2.7158
-4.26723
2.40954
3.8331
-4.33996
5.92729
-2.99983
-2.66192
2.83497
-4.36243
-3.84259
-3.27074
-3.36539
-3.07161
-1.88775
3.54971
-4.42156
-3.30823
3.8622
-3.25689
3.78522
0.692666
-5.3965
-4.16109
7.02472
3.62213
3.94009
-5.72396
-3.12394
-3.51173
6.51565
-1.50383
-2.48564
-5.39093
6.77925
5.53577
5.20018
-2.85556
-4.16352
-1.57365
-5.53488
-2.00454
-5.9846
-0.395037
1.50309
-2.81651
0.577885
6.00645
2.96182
-5.34122
-3.07778
-1.10711
-3.85509
-2.96992
1.97722
-4.91561
5.33098
0.0386449
-3.27257
-1.75951
3.11129
2.67426
3.34089
-4.09924
-2.10361
-0.385823
-4.55823
-3.83431
-3.08059
-2.88763
-3.30475
1.63
-4.94293
-3.9638
-2.80739
-5.14138
-1.75932
-2.82398
-3.08818
-3.57444
0.920066
-3.86384
-3.39825
3.59528
-3.00956
3.03719
-2.25596
-3.03126
-2.1322
-2.98443
-3.11756
-3.59521
1.15506
-1.56595
6.57366
-4.09864
-4.6834
-3.22843
-2.84869
0.0464549
-3.30481
-3.91326
-2.95909
-2.57188
6.8171
-5.14451
-2.35383
-0.905702
-2.35849
-2.22188
-2.38454
-2.57068
-2.33697
-3.13284
0.0359822
7.0073
-3.19429
-2.88617
-3.42258
-2.82898
-1.04159
-1.31466
-2.35707
-2.39097
-2.98738
-5.47449
-3.75566
-2.62967
-2.08447
-5.44707
-1.36135
-2.32221
6.15259
2.38609
-2.47718
-2.59067
-2.83823
-4.39916
-4.45732
-3.31951
1.16991
6.28225
-0.947977
4.09113
-4.46242
-4.01884
-3.5482
0.203961
-5.0125
-1.7711
-5.70563
0.687804
-2.9683
-3.87807
-2.64471
-2.0866
-5.98673
-2.56373
1.0445
-3.45277
-3.38779
-2.32416
-0.496394
-1.52324
3.28557
4.45923
-0.536257
-2.89899
-2.73098
3.86895
0.6297
-2.47021
3.07536
-2.2368
-1.18586
-4.86222
-2.02527
-0.798224
-2.64257
12.3677
5.19199
-4.51197
-3.63532
-2.6782
-1.40049
-1.53548
-3.2243
-6.03855
-1.539
-2.40629
5.04026
2.64542
-2.34334
-4.36764
-1.47451
3.93848
1.13353
2.96553
-2.0987
-2.22231
-3.18215
-3.89866
-4.01244
-2.43069
7.57062
-3.79384
1.35234
-3.29814
1.53788
2.79784
-5.21549
-1.71041
0.14298
-5.96646
-3.4607
-2.63895
-3.66581
-2.50972
-2.46301
1.47133
-1.76464
-0.741136
5.92461
1.00033
-1.82037
-1.13976
-3.22637
-5.18823
-4.93079
-1.5917
-5.84228
2.1857
-0.902392
-1.63255
-2.36047
-2.66807
-2.98119
-5.63054
-4.18964
0.225245
0.410309
-4.55323
-4.69741
-2.80772
-0.573991
-0.0255037
1.28382
-2.69171
3.087
-1.10729
-3.77471
-2.83514
1.73456
-1.23344
-3.31882
-1.49203
-3.68049
-1.67605
-2.62447
0.596888
-1.72752
-3.0852
-0.533568
-3.58934
-4.36327
1.98989
-0.889045
2.27148
-2.66496
-2.84515
-2.28015
-2.84143
-5.17827
-3.65151
1.98801
-1.17332
-3.02722
-2.18497
-3.56928
-3.3114
1.41525
-4.45836
-4.09577
-3.2098
-2.81426
-4.354
-3.91262
-4.6874
-3.41714
-2.30746
-4.19938
4.52764
-3.22222
-2.98072
7.47125
-4.8083
-5.38992
-4.38893
-1.50103
-2.59625
-1.52385
-2.40724
3.96727
-6.22064
-3.41457
-2.26518
-2.54806
0.313085
-2.12571
1.15803
9.72522
-1.92629
-3.61181
-0.776282
-5.10055
-1.22826
-3.81242
-1.76232
-4.00656
-4.67914
-2.19184
-2.51941
4.37294
-2.37505
0.618349
-3.14067
-2.80739
8.5631
9.09269
-0.316255
1.28816
4.22204
-4.91559
-4.81676
-4.63114
-3.63939
0.639893
-2.45769
-2.48015
-2.82339
-1.82838
-3.5617
-4.53589
-4.52425
-4.27232
-4.68483
2.98769
-1.49451
-4.27512
1.97766
-1.7207
-4.11904
9.6136
-4.66886
-3.46533
2.14217
-3.01873
-4.29197
-0.528518
-3.09114
2.89943
-2.62619
-3.7082
-3.57467
-2.94569
-0.62285
-4.70224
-2.51121
-3.64697
-3.81591
-0.933988
-3.82724
-2.83647
-2.18336
-5.59993
-5.54626
0.612101
-3.89067
3.41131
-1.6804
12.055
-2.62233
-3.06796
1.23301
-2.58969
-5.02012
-2.94359
1.16695
-1.79329
1.18717
6.9712
-3.12165
-1.84184
1.31489
-2.91578
6.43623
0.441471
-2.58697
-4.26068
-3.24314
-1.69241
-3.30308
6.65689
-3.40598
-3.36362
-2.19182
-5.45711
-4.75159
-3.18214
4.62196
-3.78567
-0.918882
-3.77471
-0.643906
-1.81985
3.7665
-2.97647
-2.88422
-3.27625
-3.55822
-3.16313
-2.38621
-3.02038
-0.955015
-2.59123
-1.97203
3.79731
-3.03004
-4.64547
-4.45716
2.00271
0.543589
-1.9449
-2.65447
-3.75143
-5.34517
1.39437
-3.80808
-4.65843
8.41788
-4.1374
10.4431
-0.519007
0.938221
2.68754
-1.10967
-2.27266
-2.41321
-3.69855
0.679774
-3.00701
5.92066
-5.05095
-2.76933
-5.40862
-1.91461
-2.19788
-3.08891
-3.5162
-5.00159
-3.98089
-2.82439
-3.34646
0.0755512
-4.90706
1.49416
9.08492
-1.68722
-0.267696
7.90084
-1.56317
-2.11272
-3.95187
0.576029
-3.79945
-4.73717
-3.57419
0.345142
5.52549
-5.5288
-3.52896
-3.30849
1.69981
-3.30174
-4.18515
-2.82287
-4.71398
1.65625
-3.95678
-5.46963
-3.89732
-4.99655
-1.23606
-0.755741
-1.45351
-3.0062
-1.96194
2.08777
-2.76891
-2.7072
-7.13193
-4.3696
4.39086
-2.58548
-2.95334
-3.94187
-1.98741
-0.812353
-4.19615
-3.25007
-3.30196
-6.48373
4.06118
-3.03744
-3.4576
2.16541
-2.82473
0.245032
-3.46674
1.92207
-2.51527
4.75416
-4.11478
-2.69964
-2.27975
-1.39124
-3.72202
-0.258188
-4.2269
-2.25932
3.88902
-4.15858
-3.22395
-2.16255
-3.64285
-2.80679
-3.79164
-2.76007
1.37662
-3.66108
2.97497
-0.309103
-1.23271
-2.36924
-2.86092
-3.44798
-0.276321
-4.05482
4.1156
-4.11578
-2.03794
-4.46146
-2.9857
-3.04206
-4.28844
3.89038
0.183094
-2.64182
-2.00707
5.84852
-3.39811
-0.432951
-1.8287
-2.20937
4.88509
-3.35006
-2.70534
-2.90414
3.66993
-4.96406
-5.33877
-2.64503
0.925288
-3.21913
-2.08321
-3.19053
-2.60691
-3.32171
13.6877
-3.49102
4.95427
-4.34304
-3.84716
-5.33515
-2.64911
-1.94903
-4.48381
-5.84224
-4.43045
6.86789
-1.26021
-4.5975
2.09176
-2.62374
-1.27024
2.57104
-3.21341
-2.81725
-4.69174
-3.78588
-1.62558
-3.10346
-2.6411
-3.46824
-1.5861
0.829124
-2.74292
-3.85278
-3.10663
-4.5701
-2.11097
-4.17468
-6.22773
-2.89428
10.0916
-2.46183
-2.25794
-4.48339
-4.76904
4.06269
-3.22594
2.77441
-1.93443
-4.18842
-4.93925
-1.26444
3.87467
-3.00014
3.66898
-2.52709
-2.99306
-2.86866
-3.93444
1.65712
1.40614
-1.58508
-0.405312
-1.02186
1.49804
-2.92755
-3.31244
-2.67582
-3.54684
-0.735798
4.12318
-2.57221
2.9192
6.34945
-4.58606
2.85125
4.80771
-5.43911
-3.43211
-3.28042
-4.50851
0.666515
-2.4632
3.40275
-2.89406
-4.87321
-3.4871
-1.30824
-2.76128
0.814875
-1.71108
-1.45108
4.55309
-3.02745
-0.45651
-4.74724
-4.62821
-2.70388
0.0304326
-3.86682
-3.67881
-4.11495
-5.12284
-3.75804
3.20951
-4.53156
-3.28515
-2.95252
1.66806
3.38449
-4.22674
-3.5467
5.25854
-0.930896
-4.68855
6.59928
-3.41769
-2.72827
1.52267
-3.73462
-4.39664
-4.55085
10.7598
1.14745
-3.8796
-4.61838
-3.22677
2.56281
2.65626
2.38672
-4.28161
-4.14422
-5.68493
-5.34333
5.60324
-3.10421
5.10912
-2.6582
-4.72098
-5.29891
-2.28067
1.3821
-0.474949
-3.85954
-3.80391
-4.22343
6.08216
-2.30634
-4.33367
-5.04279
-3.60805
-3.71337
-3.69694
-3.63203
-5.02097
-4.03646
-3.53447
-6.55542
-5.33159
-3.75532
-3.80696
-5.65598
-5.48055
1.7443
-3.19414
-3.24833
-3.23473
-3.67787
-5.50321
-5.06491
6.44314
2.95522
-3.22493
-4.13645
-3.64898
-4.44298
-4.9853
-4.22973
-1.96772
-3.43907
-0.49645
3.47935
-2.66207
-5.37583
-3.01103
6.21879
-3.72002
2.08484
2.67592
-1.85697
-5.14175
-5.55912
0.501493
-0.199924
-4.09757
10.4826
-5.72313
-4.7677
-2.24695
8.21838
0.426639
1.30929
4.41046
-4.51244
-2.22657
-0.341083
5.91236
-5.11066
-3.72009
-3.43369
4.1872
6.15188
0.0588706
-0.405015
-4.36159
4.74735
-1.90276
-3.89971
-3.13326
-0.989608
-3.91981
-4.57538
-4.55024
-3.37991
-2.63155
-3.87211
-0.0544777
-3.97847
0.785573
-2.01056
-4.50166
-4.14572
1.46998
-5.75684
-1.84325
-3.45905
-3.59154
-2.2987
-2.07493
-2.3221
-4.3246
-3.33857
3.82573
-2.85215
1.55041
-2.84443
-5.32277
-4.56381
-2.39238
-4.27733
-4.7526
-4.43143
5.22459
6.75839
-4.34921
-1.35026
1.2431
-5.16478
-4.22489
-5.32549
-3.50768
-2.25689
4.60245
-3.72029
-3.58591
-2.67558
-5.38316
4.2194
2.27359
-5.73635
5.33431
2.45793
-3.13108
-0.459145
-2.94729
-1.01765
-3.72309
-3.18509
-4.72429
-0.83033
-3.72908
-3.81628
-3.50589
-4.45533
-3.61183
-0.840117
7.75889
3.1272
-1.81673
-4.18448
-3.12984
-4.53098
-3.66179
-4.758
4.59458
-2.98098
-3.62475
-2.2494
7.93978
-5.37053
7.03641
-2.24286
-4.30472
2.27602
-3.50434
9.03081
-2.1725
-1.79388
2.25876
-1.04827
0.835167
5.97335
-1.66017
-4.5938
-3.99662
10.3017
-8.20918
1.77776
5.36615
-4.96679
-4.45152
-3.83042
1.68715
11.395
-4.85637
-0.58259
-2.264
-4.01635
-4.71513
2.17544
7.37518
-0.907587
3.0867
-2.33173
-4.44535
-1.84081
-0.203671
0.273557
-3.23235
-2.25245
0.200519
-3.40441
-4.40239
-3.40452
-3.28173
-2.51319
-2.04713
-1.83237
-1.92607
-2.54039
6.94636
-4.52075
-3.42475
-3.83953
-3.13697
0.170862
-0.939775
-3.44984
-3.60861
-2.26698
2.26555
-3.23229
-1.55871
8.36685
-2.67278
-1.90029
-5.84896
-3.95274
-1.85837
-3.4383
-1.59624
-1.18373
-4.54184
-4.1542
-2.52345
-3.62103
-3.37912
-2.80914
-2.46146
-1.61347
-5.29143
-1.40029
-4.43595
-4.41646
-1.64655
-2.44056
-4.47017
2.01147
8.62743
-1.78832
-3.79212
-0.725219
-1.83749
7.64707
0.613593
-4.59921
-2.58865
-2.45335
7.31015
-3.0926
-4.32417
4.42588
0.650824
-4.77505
-2.31898
-2.6796
-2.96515
-2.3438
-4.09209
-2.5904
-2.49858
-3.68432
-2.67396
-3.94686
-4.40038
0.300501
-2.74452
0.0973053
-5.67031
-2.59371
-5.59831
6.81797
-2.79161
2.31127
8.45015
-5.14174
3.40712
-3.01839
9.97258
-1.69398
-3.60614
2.48684
-3.64934
6.26804
-3.01661
-2.36373
-2.77855
-2.75085
5.61931
5.67978
-0.864131
-2.78267
-3.50722
-1.55692
8.78987
4.12742
-4.75979
0.381011
-1.11784
-4.84791
-2.77122
-3.70457
-4.42312
5.57732
-3.03765
-1.85559
-5.29721
7.84717
-3.66013
-3.08549
-3.11396
2.21296
5.25288
-1.71523
3.60919
-3.43861
-2.39339
-0.341414
8.35356
-2.70303
-0.747438
-1.54394
-3.35604
12.4623
-5.64881
-2.76274
-1.32724
6.51889
-0.142379
5.65936
-2.21224
-3.6304
-3.83999
-5.99936
6.60434
-2.98225
-3.75493
-4.06669
-2.98374
11.2751
-5.64414
-0.765617
4.67243
-0.551947
-3.89345
-3.63445
-2.76559
-3.90198
-5.8439
-3.661
-2.89969
-5.08519
-4.46216
4.00849
-2.39654
-5.55633
-3.18936
-5.40489
-2.62269
-3.26767
-3.97536
-4.57548
-5.00738
-3.42034
-4.05094
-5.36087
-7.52459
-5.14814
-3.36066
-4.97982
-3.63517
-3.17513
-1.86883
-1.54206
-1.85209
-2.61947
-3.21528
-2.79376
-2.27895
-2.02645
-1.11998
-1.68855
5.57476
-1.78096
-1.892
-2.3216
-3.62919
1.53059
-3.99462
-2.23913
0.927742
-3.78259
-1.28052
-2.84108
-0.645023
-2.17674
-4.86566
-2.80779
-2.753
-3.12064
-1.48705
-0.458631
-2.23241
-2.32627
-4.71476
-2.16043
-2.53032
-2.16377
0.0759443
-1.96952
1.31919
-2.26314
-5.48356
-2.41935
-0.477568
-5.57734
-2.46402
-2.48294
-3.24697
-4.80403
-2.44943
-2.30136
-3.64793
-4.25487
-5.74012
-4.46636
-3.82679
1.13345
-1.7503
-5.1006
-1.71733
-4.84071
-0.9172
-6.88998
-8.72019
-1.75998
-2.41488
-2.69835
-2.94297
-3.26838
-2.05667
-2.27685
-1.56879
-5.42041
-3.75869
-2.17672
-3.5093
-2.74017
-1.90079
-2.06842
-5.18319
1.81205
-3.49923
-0.755031
-1.16529
-1.07732
-4.16385
-5.92041
7.51345
-0.52404
-5.4453
11.0074
2.09689
-5.6452
6.05151
-3.8507
-1.03901
7.33139
-2.62159
-2.37928
7.96713
-3.70172
7.23588
3.71978
-2.21113
-2.26666
8.9765
-1.22499
-2.73751
-1.53423
-2.93082
3.70258
-3.90766
-3.75646
-3.85125
4.30095
-4.1331
4.4966
-4.04261
-3.98289
-4.51697
-1.77723
8.25193
-4.85974
-0.816476
-2.08956
-5.31214
-3.62382
-2.53714
3.08418
-1.7366
9.93406
2.87219
-4.2966
-1.49181
-2.5051
1.08935
-4.45487
-2.56139
0.110971
8.89371
3.73108
-4.03262
-3.54187
10.1838
-0.671314
-4.32409
5.98677
-3.84002
-4.03906
8.51735
-3.42825
-2.78442
-2.38769
-3.69003
-4.09327
-9.14282
-2.95354
4.21037
-4.1024
5.49987
-2.39797
-1.99879
9.90166
-5.26826
-2.1261
-3.9957
-3.74397
-1.99345
-2.22134
7.83267
-2.66181
0.845289
-1.04383
-5.77867
-2.42028
1.30306
-3.28631
-4.40564
6.6594
-3.3986
-3.54628
-5.2623
-4.50804
0.78766
0.750715
3.48104
3.38779
1.33673
-4.98237
-3.76815
-6.27639
-3.72372
8.42195
-3.72037
5.39783
4.74869
-2.8272
-5.88896
-5.19414
-1.67744
-5.02592
-1.58729
-3.21955
-3.8497
-0.903328
-5.43995
-1.43588
-3.23278
7.35939
-5.05818
4.27793
-3.11541
-4.77619
-3.86942
-1.99656
-3.90082
4.30614
-2.08053
-2.733
-5.78846
-5.73365
-1.04611
1.42562
-4.67612
-5.03402
-2.70935
-2.1855
10.4496
4.94758
-2.15061
-5.51959
3.49532
-2.77493
1.9773
-2.67844
4.8265
-3.30506
-3.99889
0.0134719
-3.7684
-4.52187
-5.37295
1.9665
-4.69314
-2.41203
-1.86051
-2.40561
4.4946
-3.71171
-2.52017
-1.26122
-4.17631
-2.05513
-5.26145
-4.96735
-2.87189
-4.50194
-1.16606
-3.91003
-4.18929
-6.25683
-2.2002
-2.18062
-1.81023
-6.24897
-4.55758
6.83581
-2.31341
-3.05455
4.13569
-0.495325
-2.14901
-3.2906
-2.07831
8.36428
-1.41827
1.17521
-2.72475
-8.32474
2.34448
-1.26954
-3.73674
-2.34948
-1.29244
-3.61233
1.70208
-1.43278
1.56382
-2.90699
-4.37677
-2.37249
-1.23734
-4.12478
-2.88911
-2.38809
1.01749
-4.34703
-5.00902
-2.79659
-1.18133
-1.6701
-4.35188
-3.60417
-3.19553
-2.83285
-5.383
-2.98848
-2.83772
-4.44212
-1.20299
4.95795
-2.00382
-1.97381
-4.94366
-0.965021
-5.02208
-2.87758
-4.09124
-2.97082
-2.82645
1.28093
7.62134
9.93845
-3.3446
2.74727
-5.55407
-3.17742
-2.79396
-3.24842
11.7865
-5.0621
-2.90106
-2.72271
-2.25113
10.2167
10.8293
11.1904
-5.62101
10.5061
-3.01702
-2.36359
-4.3957
-4.33037
-4.39032
5.90682
4.5882
-5.24436
-2.42061
-4.36876
-5.68775
-1.38987
-5.94222
4.03733
-0.893245
2.31298
-4.47826
2.70366
-0.931259
-3.61718
-1.1598
-0.93391
-4.71631
-4.6904
-6.72816
-3.3484
-2.69539
-4.46925
5.21661
1.38082
-1.44531
-3.51683
-1.00674
-2.51
-5.59818
-3.99676
-2.71147
3.09667
-4.16893
-3.23426
-2.29099
-5.69981
-2.04167
-5.84993
1.30813
1.53574
-1.50238
-4.38352
-1.4762
-1.57372
-2.2495
4.99926
-4.16502
0.416478
-5.0842
4.64633
-2.85978
-4.77837
2.34566
-2.17305
3.66998
-4.66026
-3.53216
-2.38266
-4.29753
-3.72834
-4.39751
-1.91117
-2.97858
-3.29029
7.08883
-3.75942
-3.87718
-3.94879
-1.83579
-2.56931
-3.45243
-2.56436
-2.49576
-5.01952
-0.918204
-3.91788
9.96886
-3.52039
-4.68405
5.38762
2.03137
1.2376
-2.30836
6.67885
6.89112
4.68779
-2.56773
6.48197
2.57541
6.53722
-2.75364
-3.05956
4.83695
10.3641
-5.06297
8.22299
-2.82227
7.17707
-3.21606
-0.594643
-2.10835
-3.37141
-4.61699
-2.36306
-1.5277
-4.02045
-4.54084
-3.64907
-4.03589
-5.0632
-4.5211
-3.41023
-4.01845
-5.41159
-3.2693
-5.10606
-2.18295
